#
# There is insufficient memory for the Java Runtime Environment to continue.
# Native memory allocation (mmap) failed to map 62914560 bytes for committing reserved memory.
# Possible reasons:
#   The system is out of physical RAM or swap space
#   In 32 bit mode, the process size limit was hit
# Possible solutions:
#   Reduce memory load on the system
#   Increase physical memory or swap space
#   Check if swap backing store is full
#   Use 64 bit Java on a 64 bit OS
#   Decrease Java heap size (-Xmx/-Xms)
#   Decrease number of Java threads
#   Decrease Java thread stack sizes (-Xss)
#   Set larger code cache with -XX:ReservedCodeCacheSize=
# This output file may be truncated or incomplete.
#
#  Out of Memory Error (os_linux.cpp:2627), pid=10378, tid=139680084784896
#
# JRE version:  (8.0_91-b14) (build )
# Java VM: Java HotSpot(TM) 64-Bit Server VM (25.91-b14 mixed mode linux-amd64 compressed oops)
# Failed to write core dump. Core dumps have been disabled. To enable core dumping, try "ulimit -c unlimited" before starting Java again
#

---------------  T H R E A D  ---------------

Current thread (0x00007f09c400a000):  JavaThread "Unknown thread" [_thread_in_vm, id=10380, stack(0x00007f09cdc5f000,0x00007f09cdd60000)]

Stack: [0x00007f09cdc5f000,0x00007f09cdd60000],  sp=0x00007f09cdd5e370,  free space=1020k
Native frames: (J=compiled Java code, j=interpreted, Vv=VM code, C=native code)
V  [libjvm.so+0xabc18a]  VMError::report_and_die()+0x2ba
V  [libjvm.so+0x4fafeb]  report_vm_out_of_memory(char const*, int, unsigned long, VMErrorType, char const*)+0x8b
V  [libjvm.so+0x91cbb3]  os::Linux::commit_memory_impl(char*, unsigned long, bool)+0x103
V  [libjvm.so+0x91d109]  os::pd_commit_memory(char*, unsigned long, unsigned long, bool)+0x29
V  [libjvm.so+0x91740a]  os::commit_memory(char*, unsigned long, unsigned long, bool)+0x2a
V  [libjvm.so+0x98b033]  PSVirtualSpace::expand_by(unsigned long)+0x53
V  [libjvm.so+0x97b177]  PSOldGen::initialize(ReservedSpace, unsigned long, char const*, int)+0xb7
V  [libjvm.so+0x2d827a]  AdjoiningGenerations::AdjoiningGenerations(ReservedSpace, GenerationSizer*, unsigned long)+0x39a
V  [libjvm.so+0x93ff76]  ParallelScavengeHeap::initialize()+0x1d6
V  [libjvm.so+0xa849bb]  Universe::initialize_heap()+0xfb
V  [libjvm.so+0xa84d2e]  universe_init()+0x3e
V  [libjvm.so+0x63a575]  init_globals()+0x65
V  [libjvm.so+0xa68f3e]  Threads::create_vm(JavaVMInitArgs*, bool*)+0x23e
V  [libjvm.so+0x6cede4]  JNI_CreateJavaVM+0x74
C  [libjli.so+0x745e]  JavaMain+0x9e
C  [libpthread.so.0+0x8184]  start_thread+0xc4


---------------  P R O C E S S  ---------------

Java Threads: ( => current thread )

Other Threads:

=>0x00007f09c400a000 (exited) JavaThread "Unknown thread" [_thread_in_vm, id=10380, stack(0x00007f09cdc5f000,0x00007f09cdd60000)]

VM state:not at safepoint (not fully initialized)

VM Mutex/Monitor currently owned by a thread: None

GC Heap History (0 events):
No events

Deoptimization events (0 events):
No events

Internal exceptions (0 events):
No events

Events (0 events):
No events


Dynamic libraries:
00400000-00401000 r-xp 00000000 08:01 3941548                            /usr/lib/jvm/java-8-oracle/bin/java
00600000-00601000 rw-p 00000000 08:01 3941548                            /usr/lib/jvm/java-8-oracle/bin/java
01a29000-01a4a000 rw-p 00000000 00:00 0                                  [heap]
c3c00000-eab00000 ---p 00000000 00:00 0 
eab00000-ec900000 rw-p 00000000 00:00 0 
ec900000-100000000 ---p 00000000 00:00 0 
7f09b5000000-7f09b5270000 rwxp 00000000 00:00 0 
7f09b5270000-7f09c4000000 ---p 00000000 00:00 0 
7f09c4000000-7f09c4032000 rw-p 00000000 00:00 0 
7f09c4032000-7f09c8000000 ---p 00000000 00:00 0 
7f09ca5a1000-7f09ca826000 rw-p 00000000 00:00 0 
7f09ca826000-7f09ca97b000 ---p 00000000 00:00 0 
7f09ca97b000-7f09ca98b000 rw-p 00000000 00:00 0 
7f09ca98b000-7f09caa26000 ---p 00000000 00:00 0 
7f09caa26000-7f09caa31000 rw-p 00000000 00:00 0 
7f09caa31000-7f09cade7000 ---p 00000000 00:00 0 
7f09cade7000-7f09cae01000 r-xp 00000000 08:01 3940178                    /usr/lib/jvm/java-8-oracle/jre/lib/amd64/libzip.so
7f09cae01000-7f09cb001000 ---p 0001a000 08:01 3940178                    /usr/lib/jvm/java-8-oracle/jre/lib/amd64/libzip.so
7f09cb001000-7f09cb002000 rw-p 0001a000 08:01 3940178                    /usr/lib/jvm/java-8-oracle/jre/lib/amd64/libzip.so
7f09cb002000-7f09cb00c000 r-xp 00000000 08:01 135441                     /lib/x86_64-linux-gnu/libnss_files-2.19.so
7f09cb00c000-7f09cb20b000 ---p 0000a000 08:01 135441                     /lib/x86_64-linux-gnu/libnss_files-2.19.so
7f09cb20b000-7f09cb20c000 r--p 00009000 08:01 135441                     /lib/x86_64-linux-gnu/libnss_files-2.19.so
7f09cb20c000-7f09cb20d000 rw-p 0000a000 08:01 135441                     /lib/x86_64-linux-gnu/libnss_files-2.19.so
7f09cb20d000-7f09cb218000 r-xp 00000000 08:01 135433                     /lib/x86_64-linux-gnu/libnss_nis-2.19.so
7f09cb218000-7f09cb417000 ---p 0000b000 08:01 135433                     /lib/x86_64-linux-gnu/libnss_nis-2.19.so
7f09cb417000-7f09cb418000 r--p 0000a000 08:01 135433                     /lib/x86_64-linux-gnu/libnss_nis-2.19.so
7f09cb418000-7f09cb419000 rw-p 0000b000 08:01 135433                     /lib/x86_64-linux-gnu/libnss_nis-2.19.so
7f09cb419000-7f09cb430000 r-xp 00000000 08:01 135429                     /lib/x86_64-linux-gnu/libnsl-2.19.so
7f09cb430000-7f09cb62f000 ---p 00017000 08:01 135429                     /lib/x86_64-linux-gnu/libnsl-2.19.so
7f09cb62f000-7f09cb630000 r--p 00016000 08:01 135429                     /lib/x86_64-linux-gnu/libnsl-2.19.so
7f09cb630000-7f09cb631000 rw-p 00017000 08:01 135429                     /lib/x86_64-linux-gnu/libnsl-2.19.so
7f09cb631000-7f09cb633000 rw-p 00000000 00:00 0 
7f09cb633000-7f09cb63c000 r-xp 00000000 08:01 135428                     /lib/x86_64-linux-gnu/libnss_compat-2.19.so
7f09cb63c000-7f09cb83b000 ---p 00009000 08:01 135428                     /lib/x86_64-linux-gnu/libnss_compat-2.19.so
7f09cb83b000-7f09cb83c000 r--p 00008000 08:01 135428                     /lib/x86_64-linux-gnu/libnss_compat-2.19.so
7f09cb83c000-7f09cb83d000 rw-p 00009000 08:01 135428                     /lib/x86_64-linux-gnu/libnss_compat-2.19.so
7f09cb83d000-7f09cb867000 r-xp 00000000 08:01 3940180                    /usr/lib/jvm/java-8-oracle/jre/lib/amd64/libjava.so
7f09cb867000-7f09cba67000 ---p 0002a000 08:01 3940180                    /usr/lib/jvm/java-8-oracle/jre/lib/amd64/libjava.so
7f09cba67000-7f09cba69000 rw-p 0002a000 08:01 3940180                    /usr/lib/jvm/java-8-oracle/jre/lib/amd64/libjava.so
7f09cba69000-7f09cba76000 r-xp 00000000 08:01 3940138                    /usr/lib/jvm/java-8-oracle/jre/lib/amd64/libverify.so
7f09cba76000-7f09cbc76000 ---p 0000d000 08:01 3940138                    /usr/lib/jvm/java-8-oracle/jre/lib/amd64/libverify.so
7f09cbc76000-7f09cbc78000 rw-p 0000d000 08:01 3940138                    /usr/lib/jvm/java-8-oracle/jre/lib/amd64/libverify.so
7f09cbc78000-7f09cbc7f000 r-xp 00000000 08:01 135437                     /lib/x86_64-linux-gnu/librt-2.19.so
7f09cbc7f000-7f09cbe7e000 ---p 00007000 08:01 135437                     /lib/x86_64-linux-gnu/librt-2.19.so
7f09cbe7e000-7f09cbe7f000 r--p 00006000 08:01 135437                     /lib/x86_64-linux-gnu/librt-2.19.so
7f09cbe7f000-7f09cbe80000 rw-p 00007000 08:01 135437                     /lib/x86_64-linux-gnu/librt-2.19.so
7f09cbe80000-7f09cbf85000 r-xp 00000000 08:01 135423                     /lib/x86_64-linux-gnu/libm-2.19.so
7f09cbf85000-7f09cc184000 ---p 00105000 08:01 135423                     /lib/x86_64-linux-gnu/libm-2.19.so
7f09cc184000-7f09cc185000 r--p 00104000 08:01 135423                     /lib/x86_64-linux-gnu/libm-2.19.so
7f09cc185000-7f09cc186000 rw-p 00105000 08:01 135423                     /lib/x86_64-linux-gnu/libm-2.19.so
7f09cc186000-7f09cce46000 r-xp 00000000 08:01 3940148                    /usr/lib/jvm/java-8-oracle/jre/lib/amd64/server/libjvm.so
7f09cce46000-7f09cd046000 ---p 00cc0000 08:01 3940148                    /usr/lib/jvm/java-8-oracle/jre/lib/amd64/server/libjvm.so
7f09cd046000-7f09cd11e000 rw-p 00cc0000 08:01 3940148                    /usr/lib/jvm/java-8-oracle/jre/lib/amd64/server/libjvm.so
7f09cd11e000-7f09cd169000 rw-p 00000000 00:00 0 
7f09cd169000-7f09cd323000 r-xp 00000000 08:01 135438                     /lib/x86_64-linux-gnu/libc-2.19.so
7f09cd323000-7f09cd523000 ---p 001ba000 08:01 135438                     /lib/x86_64-linux-gnu/libc-2.19.so
7f09cd523000-7f09cd527000 r--p 001ba000 08:01 135438                     /lib/x86_64-linux-gnu/libc-2.19.so
7f09cd527000-7f09cd529000 rw-p 001be000 08:01 135438                     /lib/x86_64-linux-gnu/libc-2.19.so
7f09cd529000-7f09cd52e000 rw-p 00000000 00:00 0 
7f09cd52e000-7f09cd531000 r-xp 00000000 08:01 135425                     /lib/x86_64-linux-gnu/libdl-2.19.so
7f09cd531000-7f09cd730000 ---p 00003000 08:01 135425                     /lib/x86_64-linux-gnu/libdl-2.19.so
7f09cd730000-7f09cd731000 r--p 00002000 08:01 135425                     /lib/x86_64-linux-gnu/libdl-2.19.so
7f09cd731000-7f09cd732000 rw-p 00003000 08:01 135425                     /lib/x86_64-linux-gnu/libdl-2.19.so
7f09cd732000-7f09cd747000 r-xp 00000000 08:01 3941495                    /usr/lib/jvm/java-8-oracle/lib/amd64/jli/libjli.so
7f09cd747000-7f09cd947000 ---p 00015000 08:01 3941495                    /usr/lib/jvm/java-8-oracle/lib/amd64/jli/libjli.so
7f09cd947000-7f09cd948000 rw-p 00015000 08:01 3941495                    /usr/lib/jvm/java-8-oracle/lib/amd64/jli/libjli.so
7f09cd948000-7f09cd961000 r-xp 00000000 08:01 135430                     /lib/x86_64-linux-gnu/libpthread-2.19.so
7f09cd961000-7f09cdb60000 ---p 00019000 08:01 135430                     /lib/x86_64-linux-gnu/libpthread-2.19.so
7f09cdb60000-7f09cdb61000 r--p 00018000 08:01 135430                     /lib/x86_64-linux-gnu/libpthread-2.19.so
7f09cdb61000-7f09cdb62000 rw-p 00019000 08:01 135430                     /lib/x86_64-linux-gnu/libpthread-2.19.so
7f09cdb62000-7f09cdb66000 rw-p 00000000 00:00 0 
7f09cdb66000-7f09cdb89000 r-xp 00000000 08:01 135431                     /lib/x86_64-linux-gnu/ld-2.19.so
7f09cdc5f000-7f09cdc62000 ---p 00000000 00:00 0 
7f09cdc62000-7f09cdd64000 rw-p 00000000 00:00 0                          [stack:10380]
7f09cdd79000-7f09cdd7c000 rw-p 00000000 00:00 0 
7f09cdd7c000-7f09cdd84000 rw-s 00000000 08:01 803870                     /tmp/hsperfdata_taher/10378
7f09cdd84000-7f09cdd85000 rw-p 00000000 00:00 0 
7f09cdd85000-7f09cdd86000 r--p 00000000 00:00 0 
7f09cdd86000-7f09cdd88000 rw-p 00000000 00:00 0 
7f09cdd88000-7f09cdd89000 r--p 00022000 08:01 135431                     /lib/x86_64-linux-gnu/ld-2.19.so
7f09cdd89000-7f09cdd8a000 rw-p 00023000 08:01 135431                     /lib/x86_64-linux-gnu/ld-2.19.so
7f09cdd8a000-7f09cdd8b000 rw-p 00000000 00:00 0 
7fff85bba000-7fff85bdb000 rw-p 00000000 00:00 0                          [stack]
7fff85bdc000-7fff85bde000 r-xp 00000000 00:00 0                          [vdso]
ffffffffff600000-ffffffffff601000 r-xp 00000000 00:00 0                  [vsyscall]

VM Arguments:
jvm_args: -Djava.awt.headless=true -Xmx1024M -Dfile.encoding=UTF-8 -Duser.country=US -Duser.language=en -Duser.variant 
java_command: com.android.dx.command.Main --dex --num-threads=4 --output /home/taher/malProject/Maak_X_AlSeka/app/build/intermediates/pre-dexed/debug/com.android.support-design-23.4.0_bea75a11f6df1f3f2af32df26e384f4aad9b38bf.jar /home/taher/malProject/Maak_X_AlSeka/app/build/intermediates/exploded-aar/com.android.support/design/23.4.0/jars/classes.jar
java_class_path (initial): /home/taher/Android/Sdk/build-tools/24.0.0/lib/dx.jar
Launcher Type: SUN_STANDARD

Environment Variables:
JAVA_HOME=/usr/lib/jvm/java-8-oracle
PATH=/home/taher/bin:/usr/local/sbin:/usr/local/bin:/usr/sbin:/usr/bin:/sbin:/bin:/usr/games:/usr/local/games:/usr/lib/jvm/java-8-oracle/bin:/usr/lib/jvm/java-8-oracle/db/bin:/usr/lib/jvm/java-8-oracle/jre/bin
SHELL=/bin/bash
DISPLAY=:0

Signal Handlers:
SIGSEGV: [libjvm.so+0xabca10], sa_mask[0]=11111111011111111101111111111110, sa_flags=SA_RESTART|SA_SIGINFO
SIGBUS: [libjvm.so+0xabca10], sa_mask[0]=11111111011111111101111111111110, sa_flags=SA_RESTART|SA_SIGINFO
SIGFPE: [libjvm.so+0x919a20], sa_mask[0]=11111111011111111101111111111110, sa_flags=SA_RESTART|SA_SIGINFO
SIGPIPE: [libjvm.so+0x919a20], sa_mask[0]=11111111011111111101111111111110, sa_flags=SA_RESTART|SA_SIGINFO
SIGXFSZ: [libjvm.so+0x919a20], sa_mask[0]=11111111011111111101111111111110, sa_flags=SA_RESTART|SA_SIGINFO
SIGILL: [libjvm.so+0x919a20], sa_mask[0]=11111111011111111101111111111110, sa_flags=SA_RESTART|SA_SIGINFO
SIGUSR1: SIG_DFL, sa_mask[0]=00000000000000000000000000000000, sa_flags=none
SIGUSR2: [libjvm.so+0x91b050], sa_mask[0]=00100000000000000000000000000000, sa_flags=SA_RESTART|SA_SIGINFO
SIGHUP: SIG_DFL, sa_mask[0]=00000000000000000000000000000000, sa_flags=none
SIGINT: SIG_DFL, sa_mask[0]=00000000000000000000000000000000, sa_flags=none
SIGTERM: SIG_DFL, sa_mask[0]=00000000000000000000000000000000, sa_flags=none
SIGQUIT: SIG_DFL, sa_mask[0]=00000000000000000000000000000000, sa_flags=none


---------------  S Y S T E M  ---------------

OS:DISTRIB_ID=Ubuntu
DISTRIB_RELEASE=14.04
DISTRIB_CODENAME=trusty
DISTRIB_DESCRIPTION="Ubuntu 14.04 LTS"

uname:Linux 3.13.0-98-generic #145-Ubuntu SMP Sat Oct 8 20:13:07 UTC 2016 x86_64
libc:glibc 2.19 NPTL 2.19 
rlimit: STACK 8192k, CORE 0k, NPROC 45651, NOFILE 4096, AS infinity
load average:3.10 2.28 1.45

/proc/meminfo:
MemTotal:        5864944 kB
MemFree:          125532 kB
Buffers:            5536 kB
Cached:           489112 kB
SwapCached:            0 kB
Active:          5058164 kB
Inactive:         472584 kB
Active(anon):    5041700 kB
Inactive(anon):   453080 kB
Active(file):      16464 kB
Inactive(file):    19504 kB
Unevictable:         100 kB
Mlocked:             100 kB
SwapTotal:             0 kB
SwapFree:              0 kB
Dirty:               220 kB
Writeback:             0 kB
AnonPages:       5036628 kB
Mapped:           107600 kB
Shmem:            458308 kB
Slab:              83444 kB
SReclaimable:      31724 kB
SUnreclaim:        51720 kB
KernelStack:        5264 kB
PageTables:        37884 kB
NFS_Unstable:          0 kB
Bounce:                0 kB
WritebackTmp:          0 kB
CommitLimit:     2932472 kB
Committed_AS:    8806028 kB
VmallocTotal:   34359738367 kB
VmallocUsed:      605448 kB
VmallocChunk:   34359118320 kB
HardwareCorrupted:     0 kB
AnonHugePages:   2605056 kB
HugePages_Total:       0
HugePages_Free:        0
HugePages_Rsvd:        0
HugePages_Surp:        0
Hugepagesize:       2048 kB
DirectMap4k:       92928 kB
DirectMap2M:     3852288 kB
DirectMap1G:     2097152 kB


CPU:total 4 (2 cores per cpu, 2 threads per core) family 6 model 60 stepping 3, cmov, cx8, fxsr, mmx, sse, sse2, sse3, ssse3, sse4.1, sse4.2, popcnt, avx, avx2, aes, clmul, erms, lzcnt, ht, tsc, tscinvbit, bmi1, bmi2

/proc/cpuinfo:
processor	: 0
vendor_id	: GenuineIntel
cpu family	: 6
model		: 60
model name	: Intel(R) Core(TM) i5-4200M CPU @ 2.50GHz
stepping	: 3
microcode	: 0x9
cpu MHz		: 2501.000
cache size	: 3072 KB
physical id	: 0
siblings	: 4
core id		: 0
cpu cores	: 2
apicid		: 0
initial apicid	: 0
fpu		: yes
fpu_exception	: yes
cpuid level	: 13
wp		: yes
flags		: fpu vme de pse tsc msr pae mce cx8 apic sep mtrr pge mca cmov pat pse36 clflush dts acpi mmx fxsr sse sse2 ss ht tm pbe syscall nx pdpe1gb rdtscp lm constant_tsc arch_perfmon pebs bts rep_good nopl xtopology nonstop_tsc aperfmperf eagerfpu pni pclmulqdq dtes64 monitor ds_cpl vmx est tm2 ssse3 fma cx16 xtpr pdcm pcid sse4_1 sse4_2 movbe popcnt tsc_deadline_timer aes xsave avx f16c rdrand lahf_lm abm ida arat epb xsaveopt pln pts dtherm tpr_shadow vnmi flexpriority ept vpid fsgsbase tsc_adjust bmi1 avx2 smep bmi2 erms invpcid
bogomips	: 4988.08
clflush size	: 64
cache_alignment	: 64
address sizes	: 39 bits physical, 48 bits virtual
power management:

processor	: 1
vendor_id	: GenuineIntel
cpu family	: 6
model		: 60
model name	: Intel(R) Core(TM) i5-4200M CPU @ 2.50GHz
stepping	: 3
microcode	: 0x9
cpu MHz		: 2501.000
cache size	: 3072 KB
physical id	: 0
siblings	: 4
core id		: 0
cpu cores	: 2
apicid		: 1
initial apicid	: 1
fpu		: yes
fpu_exception	: yes
cpuid level	: 13
wp		: yes
flags		: fpu vme de pse tsc msr pae mce cx8 apic sep mtrr pge mca cmov pat pse36 clflush dts acpi mmx fxsr sse sse2 ss ht tm pbe syscall nx pdpe1gb rdtscp lm constant_tsc arch_perfmon pebs bts rep_good nopl xtopology nonstop_tsc aperfmperf eagerfpu pni pclmulqdq dtes64 monitor ds_cpl vmx est tm2 ssse3 fma cx16 xtpr pdcm pcid sse4_1 sse4_2 movbe popcnt tsc_deadline_timer aes xsave avx f16c rdrand lahf_lm abm ida arat epb xsaveopt pln pts dtherm tpr_shadow vnmi flexpriority ept vpid fsgsbase tsc_adjust bmi1 avx2 smep bmi2 erms invpcid
bogomips	: 4988.08
clflush size	: 64
cache_alignment	: 64
address sizes	: 39 bits physical, 48 bits virtual
power management:

processor	: 2
vendor_id	: GenuineIntel
cpu family	: 6
model		: 60
model name	: Intel(R) Core(TM) i5-4200M CPU @ 2.50GHz
stepping	: 3
microcode	: 0x9
cpu MHz		: 2501.000
cache size	: 3072 KB
physical id	: 0
siblings	: 4
core id		: 1
cpu cores	: 2
apicid		: 2
initial apicid	: 2
fpu		: yes
fpu_exception	: yes
cpuid level	: 13
wp		: yes
flags		: fpu vme de pse tsc msr pae mce cx8 apic sep mtrr pge mca cmov pat pse36 clflush dts acpi mmx fxsr sse sse2 ss ht tm pbe syscall nx pdpe1gb rdtscp lm constant_tsc arch_perfmon pebs bts rep_good nopl xtopology nonstop_tsc aperfmperf eagerfpu pni pclmulqdq dtes64 monitor ds_cpl vmx est tm2 ssse3 fma cx16 xtpr pdcm pcid sse4_1 sse4_2 movbe popcnt tsc_deadline_timer aes xsave avx f16c rdrand lahf_lm abm ida arat epb xsaveopt pln pts dtherm tpr_shadow vnmi flexpriority ept vpid fsgsbase tsc_adjust bmi1 avx2 smep bmi2 erms invpcid
bogomips	: 4988.08
clflush size	: 64
cache_alignment	: 64
address sizes	: 39 bits physical, 48 bits virtual
power management:

processor	: 3
vendor_id	: GenuineIntel
cpu family	: 6
model		: 60
model name	: Intel(R) Core(TM) i5-4200M CPU @ 2.50GHz
stepping	: 3
microcode	: 0x9
cpu MHz		: 2501.000
cache size	: 3072 KB
physical id	: 0
siblings	: 4
core id		: 1
cpu cores	: 2
apicid		: 3
initial apicid	: 3
fpu		: yes
fpu_exception	: yes
cpuid level	: 13
wp		: yes
flags		: fpu vme de pse tsc msr pae mce cx8 apic sep mtrr pge mca cmov pat pse36 clflush dts acpi mmx fxsr sse sse2 ss ht tm pbe syscall nx pdpe1gb rdtscp lm constant_tsc arch_perfmon pebs bts rep_good nopl xtopology nonstop_tsc aperfmperf eagerfpu pni pclmulqdq dtes64 monitor ds_cpl vmx est tm2 ssse3 fma cx16 xtpr pdcm pcid sse4_1 sse4_2 movbe popcnt tsc_deadline_timer aes xsave avx f16c rdrand lahf_lm abm ida arat epb xsaveopt pln pts dtherm tpr_shadow vnmi flexpriority ept vpid fsgsbase tsc_adjust bmi1 avx2 smep bmi2 erms invpcid
bogomips	: 4988.08
clflush size	: 64
cache_alignment	: 64
address sizes	: 39 bits physical, 48 bits virtual
power management:



Memory: 4k page, physical 5864944k(125532k free), swap 0k(0k free)

vm_info: Java HotSpot(TM) 64-Bit Server VM (25.91-b14) for linux-amd64 JRE (1.8.0_91-b14), built on Apr  1 2016 00:57:21 by "java_re" with gcc 4.3.0 20080428 (Red Hat 4.3.0-8)

time: Sat Nov 26 00:18:50 2016
elapsed time: 0 seconds (0d 0h 0m 0s)

