#
# There is insufficient memory for the Java Runtime Environment to continue.
# Native memory allocation (mmap) failed to map 131072000 bytes for committing reserved memory.
# Possible reasons:
#   The system is out of physical RAM or swap space
#   In 32 bit mode, the process size limit was hit
# Possible solutions:
#   Reduce memory load on the system
#   Increase physical memory or swap space
#   Check if swap backing store is full
#   Use 64 bit Java on a 64 bit OS
#   Decrease Java heap size (-Xmx/-Xms)
#   Decrease number of Java threads
#   Decrease Java thread stack sizes (-Xss)
#   Set larger code cache with -XX:ReservedCodeCacheSize=
# This output file may be truncated or incomplete.
#
#  Out of Memory Error (os_linux.cpp:2627), pid=3842, tid=140666410456832
#
# JRE version: Java(TM) SE Runtime Environment (8.0_91-b14) (build 1.8.0_91-b14)
# Java VM: Java HotSpot(TM) 64-Bit Server VM (25.91-b14 mixed mode linux-amd64 compressed oops)
# Failed to write core dump. Core dumps have been disabled. To enable core dumping, try "ulimit -c unlimited" before starting Java again
#

---------------  T H R E A D  ---------------

Current thread (0x00007fef90078000):  VMThread [stack: 0x00007fef735d5000,0x00007fef736d6000] [id=3852]

Stack: [0x00007fef735d5000,0x00007fef736d6000],  sp=0x00007fef736d3fe0,  free space=1019k
Native frames: (J=compiled Java code, j=interpreted, Vv=VM code, C=native code)
V  [libjvm.so+0xabc18a]  VMError::report_and_die()+0x2ba
V  [libjvm.so+0x4fafeb]  report_vm_out_of_memory(char const*, int, unsigned long, VMErrorType, char const*)+0x8b
V  [libjvm.so+0x91cbb3]  os::Linux::commit_memory_impl(char*, unsigned long, bool)+0x103
V  [libjvm.so+0x91d109]  os::pd_commit_memory(char*, unsigned long, unsigned long, bool)+0x29
V  [libjvm.so+0x91740a]  os::commit_memory(char*, unsigned long, unsigned long, bool)+0x2a
V  [libjvm.so+0x98b033]  PSVirtualSpace::expand_by(unsigned long)+0x53
V  [libjvm.so+0x98c438]  PSYoungGen::resize_generation(unsigned long, unsigned long)+0xf8
V  [libjvm.so+0x98b592]  PSYoungGen::resize(unsigned long, unsigned long)+0x22
V  [libjvm.so+0x98886b]  PSScavenge::invoke_no_policy()+0xf3b
V  [libjvm.so+0x988ff1]  PSScavenge::invoke()+0x41
V  [libjvm.so+0x9408b0]  ParallelScavengeHeap::failed_mem_allocate(unsigned long)+0x70
V  [libjvm.so+0xabdba7]  VM_ParallelGCFailedAllocation::doit()+0x97
V  [libjvm.so+0xac55d5]  VM_Operation::evaluate()+0x55
V  [libjvm.so+0xac39aa]  VMThread::evaluate_operation(VM_Operation*)+0xba
V  [libjvm.so+0xac3d2e]  VMThread::loop()+0x1ce
V  [libjvm.so+0xac41a0]  VMThread::run()+0x70
V  [libjvm.so+0x91ef78]  java_start(Thread*)+0x108

VM_Operation (0x00007fef726c38e0): ParallelGCFailedAllocation, mode: safepoint, requested by thread 0x00007fef90137800


---------------  P R O C E S S  ---------------

Java Threads: ( => current thread )
  0x00007fef9013f800 JavaThread "pool-1-thread-4" [_thread_blocked, id=3870, stack(0x00007fef721c1000,0x00007fef722c2000)]
  0x00007fef9013e800 JavaThread "pool-1-thread-3" [_thread_blocked, id=3869, stack(0x00007fef722c2000,0x00007fef723c3000)]
  0x00007fef9013d800 JavaThread "pool-1-thread-2" [_thread_blocked, id=3868, stack(0x00007fef723c3000,0x00007fef724c4000)]
  0x00007fef9013a000 JavaThread "pool-2-thread-1" [_thread_blocked, id=3867, stack(0x00007fef724c4000,0x00007fef725c5000)]
  0x00007fef90137800 JavaThread "pool-1-thread-1" [_thread_blocked, id=3866, stack(0x00007fef725c5000,0x00007fef726c6000)]
  0x00007fef900c1000 JavaThread "Service Thread" daemon [_thread_blocked, id=3859, stack(0x00007fef727eb000,0x00007fef728ec000)]
  0x00007fef900be800 JavaThread "C1 CompilerThread2" daemon [_thread_blocked, id=3858, stack(0x00007fef728ec000,0x00007fef729ed000)]
  0x00007fef900bc800 JavaThread "C2 CompilerThread1" daemon [_thread_blocked, id=3857, stack(0x00007fef729ed000,0x00007fef72aee000)]
  0x00007fef900b9800 JavaThread "C2 CompilerThread0" daemon [_thread_blocked, id=3856, stack(0x00007fef72aee000,0x00007fef72bef000)]
  0x00007fef900b8000 JavaThread "Signal Dispatcher" daemon [_thread_blocked, id=3855, stack(0x00007fef72bef000,0x00007fef72cf0000)]
  0x00007fef90084000 JavaThread "Finalizer" daemon [_thread_blocked, id=3854, stack(0x00007fef733d3000,0x00007fef734d4000)]
  0x00007fef9007f800 JavaThread "Reference Handler" daemon [_thread_blocked, id=3853, stack(0x00007fef734d4000,0x00007fef735d5000)]
  0x00007fef9000a000 JavaThread "main" [_thread_blocked, id=3844, stack(0x00007fef99c79000,0x00007fef99d7a000)]

Other Threads:
=>0x00007fef90078000 VMThread [stack: 0x00007fef735d5000,0x00007fef736d6000] [id=3852]
  0x00007fef900c4000 WatcherThread [stack: 0x00007fef726ea000,0x00007fef727eb000] [id=3860]

VM state:at safepoint (normal execution)

VM Mutex/Monitor currently owned by a thread:  ([mutex/lock_event])
[0x00007fef900064d0] Threads_lock - owner thread: 0x00007fef90078000
[0x00007fef900069d0] Heap_lock - owner thread: 0x00007fef90137800

Heap:
 PSYoungGen      total 97792K, used 3569K [0x00000000eab00000, 0x00000000f0e00000, 0x0000000100000000)
  eden space 94208K, 0% used [0x00000000eab00000,0x00000000eab00000,0x00000000f0700000)
  from space 3584K, 99% used [0x00000000f0700000,0x00000000f0a7c7b8,0x00000000f0a80000)
  to   space 3584K, 0% used [0x00000000f0a80000,0x00000000f0a80000,0x00000000f0e00000)
 ParOldGen       total 61440K, used 32090K [0x00000000c0000000, 0x00000000c3c00000, 0x00000000eab00000)
  object space 61440K, 52% used [0x00000000c0000000,0x00000000c1f56be0,0x00000000c3c00000)
 Metaspace       used 5993K, capacity 6960K, committed 7040K, reserved 1056768K
  class space    used 595K, capacity 616K, committed 640K, reserved 1048576K

Card table byte_map: [0x00007fef96840000,0x00007fef96a41000] byte_map_base: 0x00007fef96240000

Marking Bits: (ParMarkBitMap*) 0x00007fef99156d60
 Begin Bits: [0x00007fef942e6000, 0x00007fef952e6000)
 End Bits:   [0x00007fef952e6000, 0x00007fef962e6000)

Polling page: 0x00007fef99d9f000

CodeCache: size=245760Kb used=5304Kb max_used=5318Kb free=240455Kb
 bounds [0x00007fef81000000, 0x00007fef81540000, 0x00007fef90000000]
 total_blobs=1578 nmethods=1310 adapters=182
 compilation: enabled

Compilation events (10 events):
Event: 6.371 Thread 0x00007fef900be800 nmethod 1628 0x00007fef8152abd0 code [0x00007fef8152adc0, 0x00007fef8152b678]
Event: 6.371 Thread 0x00007fef900be800 1631       3       com.android.dx.ssa.LocalVariableExtractor::doit (59 bytes)
Event: 6.372 Thread 0x00007fef900be800 nmethod 1631 0x00007fef8152ba50 code [0x00007fef8152bc00, 0x00007fef8152c148]
Event: 6.372 Thread 0x00007fef900be800 1632       3       com.android.dx.ssa.back.SsaToRop::convertBasicBlocks (151 bytes)
Event: 6.408 Thread 0x00007fef900be800 nmethod 1632 0x00007fef8152c350 code [0x00007fef8152c660, 0x00007fef8152def8]
Event: 6.408 Thread 0x00007fef900be800 1649       3       com.android.dx.ssa.Dominators::run (506 bytes)
Event: 6.413 Thread 0x00007fef900bc800 nmethod 1189 0x00007fef81532790 code [0x00007fef81532980, 0x00007fef81533808]
Event: 6.413 Thread 0x00007fef900bc800 1575       4       com.android.dx.util.IntList::binarysearch (124 bytes)
Event: 6.423 Thread 0x00007fef900bc800 nmethod 1575 0x00007fef8152f510 code [0x00007fef8152f660, 0x00007fef8152f838]
Event: 6.423 Thread 0x00007fef900bc800 1168       4       com.android.dx.util.Bits::findFirst (61 bytes)

GC Heap History (9 events):
Event: 1.193 GC heap before
{Heap before GC invocations=1 (full 0):
 PSYoungGen      total 27136K, used 23552K [0x00000000eab00000, 0x00000000ec900000, 0x0000000100000000)
  eden space 23552K, 100% used [0x00000000eab00000,0x00000000ec200000,0x00000000ec200000)
  from space 3584K, 0% used [0x00000000ec580000,0x00000000ec580000,0x00000000ec900000)
  to   space 3584K, 0% used [0x00000000ec200000,0x00000000ec200000,0x00000000ec580000)
 ParOldGen       total 61440K, used 0K [0x00000000c0000000, 0x00000000c3c00000, 0x00000000eab00000)
  object space 61440K, 0% used [0x00000000c0000000,0x00000000c0000000,0x00000000c3c00000)
 Metaspace       used 5384K, capacity 6448K, committed 6528K, reserved 1056768K
  class space    used 585K, capacity 616K, committed 640K, reserved 1048576K
Event: 1.213 GC heap after
Heap after GC invocations=1 (full 0):
 PSYoungGen      total 27136K, used 3486K [0x00000000eab00000, 0x00000000ee000000, 0x0000000100000000)
  eden space 23552K, 0% used [0x00000000eab00000,0x00000000eab00000,0x00000000ec200000)
  from space 3584K, 97% used [0x00000000ec200000,0x00000000ec567aa8,0x00000000ec580000)
  to   space 3584K, 0% used [0x00000000edc80000,0x00000000edc80000,0x00000000ee000000)
 ParOldGen       total 61440K, used 8K [0x00000000c0000000, 0x00000000c3c00000, 0x00000000eab00000)
  object space 61440K, 0% used [0x00000000c0000000,0x00000000c0002000,0x00000000c3c00000)
 Metaspace       used 5384K, capacity 6448K, committed 6528K, reserved 1056768K
  class space    used 585K, capacity 616K, committed 640K, reserved 1048576K
}
Event: 2.429 GC heap before
{Heap before GC invocations=2 (full 0):
 PSYoungGen      total 27136K, used 27038K [0x00000000eab00000, 0x00000000ee000000, 0x0000000100000000)
  eden space 23552K, 100% used [0x00000000eab00000,0x00000000ec200000,0x00000000ec200000)
  from space 3584K, 97% used [0x00000000ec200000,0x00000000ec567aa8,0x00000000ec580000)
  to   space 3584K, 0% used [0x00000000edc80000,0x00000000edc80000,0x00000000ee000000)
 ParOldGen       total 61440K, used 8K [0x00000000c0000000, 0x00000000c3c00000, 0x00000000eab00000)
  object space 61440K, 0% used [0x00000000c0000000,0x00000000c0002000,0x00000000c3c00000)
 Metaspace       used 5765K, capacity 6768K, committed 7040K, reserved 1056768K
  class space    used 593K, capacity 616K, committed 640K, reserved 1048576K
Event: 2.475 GC heap after
Heap after GC invocations=2 (full 0):
 PSYoungGen      total 50688K, used 3577K [0x00000000eab00000, 0x00000000ee000000, 0x0000000100000000)
  eden space 47104K, 0% used [0x00000000eab00000,0x00000000eab00000,0x00000000ed900000)
  from space 3584K, 99% used [0x00000000edc80000,0x00000000edffe7c0,0x00000000ee000000)
  to   space 3584K, 0% used [0x00000000ed900000,0x00000000ed900000,0x00000000edc80000)
 ParOldGen       total 61440K, used 2336K [0x00000000c0000000, 0x00000000c3c00000, 0x00000000eab00000)
  object space 61440K, 3% used [0x00000000c0000000,0x00000000c02481b8,0x00000000c3c00000)
 Metaspace       used 5765K, capacity 6768K, committed 7040K, reserved 1056768K
  class space    used 593K, capacity 616K, committed 640K, reserved 1048576K
}
Event: 3.996 GC heap before
{Heap before GC invocations=3 (full 0):
 PSYoungGen      total 50688K, used 50681K [0x00000000eab00000, 0x00000000ee000000, 0x0000000100000000)
  eden space 47104K, 100% used [0x00000000eab00000,0x00000000ed900000,0x00000000ed900000)
  from space 3584K, 99% used [0x00000000edc80000,0x00000000edffe7c0,0x00000000ee000000)
  to   space 3584K, 0% used [0x00000000ed900000,0x00000000ed900000,0x00000000edc80000)
 ParOldGen       total 61440K, used 2336K [0x00000000c0000000, 0x00000000c3c00000, 0x00000000eab00000)
  object space 61440K, 3% used [0x00000000c0000000,0x00000000c02481b8,0x00000000c3c00000)
 Metaspace       used 5839K, capacity 6832K, committed 7040K, reserved 1056768K
  class space    used 595K, capacity 616K, committed 640K, reserved 1048576K
Event: 4.094 GC heap after
Heap after GC invocations=3 (full 0):
 PSYoungGen      total 50688K, used 3553K [0x00000000eab00000, 0x00000000f0e00000, 0x0000000100000000)
  eden space 47104K, 0% used [0x00000000eab00000,0x00000000eab00000,0x00000000ed900000)
  from space 3584K, 99% used [0x00000000ed900000,0x00000000edc785d8,0x00000000edc80000)
  to   space 3584K, 0% used [0x00000000f0a80000,0x00000000f0a80000,0x00000000f0e00000)
 ParOldGen       total 61440K, used 9799K [0x00000000c0000000, 0x00000000c3c00000, 0x00000000eab00000)
  object space 61440K, 15% used [0x00000000c0000000,0x00000000c0991e50,0x00000000c3c00000)
 Metaspace       used 5839K, capacity 6832K, committed 7040K, reserved 1056768K
  class space    used 595K, capacity 616K, committed 640K, reserved 1048576K
}
Event: 4.882 GC heap before
{Heap before GC invocations=4 (full 0):
 PSYoungGen      total 50688K, used 50657K [0x00000000eab00000, 0x00000000f0e00000, 0x0000000100000000)
  eden space 47104K, 100% used [0x00000000eab00000,0x00000000ed900000,0x00000000ed900000)
  from space 3584K, 99% used [0x00000000ed900000,0x00000000edc785d8,0x00000000edc80000)
  to   space 3584K, 0% used [0x00000000f0a80000,0x00000000f0a80000,0x00000000f0e00000)
 ParOldGen       total 61440K, used 9799K [0x00000000c0000000, 0x00000000c3c00000, 0x00000000eab00000)
  object space 61440K, 15% used [0x00000000c0000000,0x00000000c0991e50,0x00000000c3c00000)
 Metaspace       used 5890K, capacity 6832K, committed 7040K, reserved 1056768K
  class space    used 595K, capacity 616K, committed 640K, reserved 1048576K
Event: 5.035 GC heap after
Heap after GC invocations=4 (full 0):
 PSYoungGen      total 97792K, used 3553K [0x00000000eab00000, 0x00000000f0e00000, 0x0000000100000000)
  eden space 94208K, 0% used [0x00000000eab00000,0x00000000eab00000,0x00000000f0700000)
  from space 3584K, 99% used [0x00000000f0a80000,0x00000000f0df85c8,0x00000000f0e00000)
  to   space 3584K, 0% used [0x00000000f0700000,0x00000000f0700000,0x00000000f0a80000)
 ParOldGen       total 61440K, used 16909K [0x00000000c0000000, 0x00000000c3c00000, 0x00000000eab00000)
  object space 61440K, 27% used [0x00000000c0000000,0x00000000c1083588,0x00000000c3c00000)
 Metaspace       used 5890K, capacity 6832K, committed 7040K, reserved 1056768K
  class space    used 595K, capacity 616K, committed 640K, reserved 1048576K
}
Event: 6.439 GC heap before
{Heap before GC invocations=5 (full 0):
 PSYoungGen      total 97792K, used 97761K [0x00000000eab00000, 0x00000000f0e00000, 0x0000000100000000)
  eden space 94208K, 100% used [0x00000000eab00000,0x00000000f0700000,0x00000000f0700000)
  from space 3584K, 99% used [0x00000000f0a80000,0x00000000f0df85c8,0x00000000f0e00000)
  to   space 3584K, 0% used [0x00000000f0700000,0x00000000f0700000,0x00000000f0a80000)
 ParOldGen       total 61440K, used 16909K [0x00000000c0000000, 0x00000000c3c00000, 0x00000000eab00000)
  object space 61440K, 27% used [0x00000000c0000000,0x00000000c1083588,0x00000000c3c00000)
 Metaspace       used 5993K, capacity 6960K, committed 7040K, reserved 1056768K
  class space    used 595K, capacity 616K, committed 640K, reserved 1048576K

Deoptimization events (10 events):
Event: 2.536 Thread 0x00007fef9000a000 Uncommon trap: reason=null_check action=make_not_entrant pc=0x00007fef812cee88 method=com.android.dx.ssa.SsaRenamer.getLocalForNewReg(I)Lcom/android/dx/rop/code/LocalItem; @ 19
Event: 2.592 Thread 0x00007fef9013e800 Uncommon trap: reason=unstable_if action=reinterpret pc=0x00007fef81209198 method=java.util.HashMap.getNode(ILjava/lang/Object;)Ljava/util/HashMap$Node; @ 129
Event: 2.656 Thread 0x00007fef9013d800 Uncommon trap: reason=unstable_if action=reinterpret pc=0x00007fef812c095c method=com.android.dx.rop.cst.Constant.compareTo(Lcom/android/dx/rop/cst/Constant;)I @ 12
Event: 2.713 Thread 0x00007fef9000a000 Uncommon trap: reason=unstable_if action=reinterpret pc=0x00007fef81321910 method=com.android.dx.rop.code.RegisterSpecSet.put(Lcom/android/dx/rop/code/RegisterSpec;)V @ 77
Event: 2.875 Thread 0x00007fef9000a000 Uncommon trap: reason=unstable_if action=reinterpret pc=0x00007fef812dd6a0 method=com.android.dx.rop.code.RegisterSpec.equals(ILcom/android/dx/rop/type/TypeBearer;Lcom/android/dx/rop/code/LocalItem;)Z @ 42
Event: 3.627 Thread 0x00007fef9013e800 Uncommon trap: reason=null_check action=make_not_entrant pc=0x00007fef812abba0 method=com.android.dx.ssa.SsaRenamer.getLocalForNewReg(I)Lcom/android/dx/rop/code/LocalItem; @ 19
Event: 3.634 Thread 0x00007fef90137800 Uncommon trap: reason=bimorphic action=maybe_recompile pc=0x00007fef812bb010 method=java.util.HashMap.getNode(ILjava/lang/Object;)Ljava/util/HashMap$Node; @ 126
Event: 3.634 Thread 0x00007fef90137800 Uncommon trap: reason=bimorphic action=maybe_recompile pc=0x00007fef812bb010 method=java.util.HashMap.getNode(ILjava/lang/Object;)Ljava/util/HashMap$Node; @ 126
Event: 3.634 Thread 0x00007fef90137800 Uncommon trap: reason=bimorphic action=maybe_recompile pc=0x00007fef812bb010 method=java.util.HashMap.getNode(ILjava/lang/Object;)Ljava/util/HashMap$Node; @ 126
Event: 3.635 Thread 0x00007fef90137800 Uncommon trap: reason=bimorphic action=maybe_recompile pc=0x00007fef812bb010 method=java.util.HashMap.getNode(ILjava/lang/Object;)Ljava/util/HashMap$Node; @ 126

Internal exceptions (4 events):
Event: 0.073 Thread 0x00007fef9000a000 Exception <a 'java/lang/NoSuchMethodError': Method sun.misc.Unsafe.defineClass(Ljava/lang/String;[BII)Ljava/lang/Class; name or signature does not match> (0x00000000eab07cc0) thrown at [/HUDSON/workspace/8-2-build-linux-amd64/jdk8u91/6644/hotspot/src/shar
Event: 0.073 Thread 0x00007fef9000a000 Exception <a 'java/lang/NoSuchMethodError': Method sun.misc.Unsafe.prefetchRead(Ljava/lang/Object;J)V name or signature does not match> (0x00000000eab07fa8) thrown at [/HUDSON/workspace/8-2-build-linux-amd64/jdk8u91/6644/hotspot/src/share/vm/prims/jni.cpp
Event: 2.536 Thread 0x00007fef9000a000 Implicit null exception at 0x00007fef812cc953 to 0x00007fef812cee41
Event: 3.627 Thread 0x00007fef9013e800 Implicit null exception at 0x00007fef812a99ec to 0x00007fef812abb6d

Events (10 events):
Event: 5.961 Thread 0x00007fef9013f800 DEOPT UNPACKING pc=0x00007fef81047633 sp=0x00007fef722bfe08 mode 0
Event: 6.093 Thread 0x00007fef90137800 DEOPT PACKING pc=0x00007fef8143b839 sp=0x00007fef726c3b60
Event: 6.093 Thread 0x00007fef90137800 DEOPT UNPACKING pc=0x00007fef81047633 sp=0x00007fef726c38f8 mode 0
Event: 6.238 Thread 0x00007fef9000a000 DEOPT PACKING pc=0x00007fef81472818 sp=0x00007fef99d77a10
Event: 6.238 Thread 0x00007fef9000a000 DEOPT UNPACKING pc=0x00007fef81047633 sp=0x00007fef99d77790 mode 0
Event: 6.275 Thread 0x00007fef90137800 DEOPT PACKING pc=0x00007fef81482fd9 sp=0x00007fef726c3dc0
Event: 6.275 Thread 0x00007fef90137800 DEOPT UNPACKING pc=0x00007fef81047633 sp=0x00007fef726c3bd0 mode 0
Event: 6.403 Thread 0x00007fef9000a000 DEOPT PACKING pc=0x00007fef814676d9 sp=0x00007fef99d77590
Event: 6.403 Thread 0x00007fef9000a000 DEOPT UNPACKING pc=0x00007fef81047633 sp=0x00007fef99d773f0 mode 0
Event: 6.427 Executing VM operation: ParallelGCFailedAllocation


Dynamic libraries:
00400000-00401000 r-xp 00000000 08:01 3941548                            /usr/lib/jvm/java-8-oracle/bin/java
00600000-00601000 rw-p 00000000 08:01 3941548                            /usr/lib/jvm/java-8-oracle/bin/java
00c63000-00c84000 rw-p 00000000 00:00 0                                  [heap]
c0000000-c3c00000 rw-p 00000000 00:00 0 
c3c00000-eab00000 ---p 00000000 00:00 0 
eab00000-f0e00000 rw-p 00000000 00:00 0 
f8b00000-100000000 ---p 00000000 00:00 0 
100000000-1000a0000 rw-p 00000000 00:00 0 
1000a0000-140000000 ---p 00000000 00:00 0 
7fef30000000-7fef30021000 rw-p 00000000 00:00 0 
7fef30021000-7fef34000000 ---p 00000000 00:00 0 
7fef38000000-7fef38021000 rw-p 00000000 00:00 0 
7fef38021000-7fef3c000000 ---p 00000000 00:00 0 
7fef3c000000-7fef3c021000 rw-p 00000000 00:00 0 
7fef3c021000-7fef40000000 ---p 00000000 00:00 0 
7fef40000000-7fef40039000 rw-p 00000000 00:00 0 
7fef40039000-7fef44000000 ---p 00000000 00:00 0 
7fef44000000-7fef44021000 rw-p 00000000 00:00 0 
7fef44021000-7fef48000000 ---p 00000000 00:00 0 
7fef48000000-7fef48021000 rw-p 00000000 00:00 0 
7fef48021000-7fef4c000000 ---p 00000000 00:00 0 
7fef4c000000-7fef4c021000 rw-p 00000000 00:00 0 
7fef4c021000-7fef50000000 ---p 00000000 00:00 0 
7fef50000000-7fef50a0b000 rw-p 00000000 00:00 0 
7fef50a0b000-7fef54000000 ---p 00000000 00:00 0 
7fef54000000-7fef54ba0000 rw-p 00000000 00:00 0 
7fef54ba0000-7fef58000000 ---p 00000000 00:00 0 
7fef58000000-7fef58021000 rw-p 00000000 00:00 0 
7fef58021000-7fef5c000000 ---p 00000000 00:00 0 
7fef5c000000-7fef5c9ad000 rw-p 00000000 00:00 0 
7fef5c9ad000-7fef60000000 ---p 00000000 00:00 0 
7fef60000000-7fef60021000 rw-p 00000000 00:00 0 
7fef60021000-7fef64000000 ---p 00000000 00:00 0 
7fef64000000-7fef64021000 rw-p 00000000 00:00 0 
7fef64021000-7fef68000000 ---p 00000000 00:00 0 
7fef68000000-7fef6828c000 rw-p 00000000 00:00 0 
7fef6828c000-7fef6c000000 ---p 00000000 00:00 0 
7fef6c000000-7fef6c021000 rw-p 00000000 00:00 0 
7fef6c021000-7fef70000000 ---p 00000000 00:00 0 
7fef721c1000-7fef721c4000 ---p 00000000 00:00 0 
7fef721c4000-7fef722c2000 rw-p 00000000 00:00 0                          [stack:3870]
7fef722c2000-7fef722c5000 ---p 00000000 00:00 0 
7fef722c5000-7fef723c3000 rw-p 00000000 00:00 0                          [stack:3869]
7fef723c3000-7fef723c6000 ---p 00000000 00:00 0 
7fef723c6000-7fef724c4000 rw-p 00000000 00:00 0                          [stack:3868]
7fef724c4000-7fef724c7000 ---p 00000000 00:00 0 
7fef724c7000-7fef725c5000 rw-p 00000000 00:00 0                          [stack:3867]
7fef725c5000-7fef725c8000 ---p 00000000 00:00 0 
7fef725c8000-7fef726c6000 rw-p 00000000 00:00 0                          [stack:3866]
7fef726c6000-7fef726dc000 r--s 000f1000 08:01 1329939                    /home/taher/malProject/Maak_X_AlSeka/app/build/intermediates/exploded-aar/com.android.support/support-v4/23.4.0/jars/classes.jar
7fef726dc000-7fef726ea000 r--s 000e0000 08:01 1718598                    /home/taher/Android/Sdk/build-tools/24.0.0/lib/dx.jar
7fef726ea000-7fef726eb000 ---p 00000000 00:00 0 
7fef726eb000-7fef727eb000 rw-p 00000000 00:00 0                          [stack:3860]
7fef727eb000-7fef727ee000 ---p 00000000 00:00 0 
7fef727ee000-7fef728ec000 rw-p 00000000 00:00 0                          [stack:3859]
7fef728ec000-7fef728ef000 ---p 00000000 00:00 0 
7fef728ef000-7fef729ed000 rw-p 00000000 00:00 0                          [stack:3858]
7fef729ed000-7fef729f0000 ---p 00000000 00:00 0 
7fef729f0000-7fef72aee000 rw-p 00000000 00:00 0                          [stack:3857]
7fef72aee000-7fef72af1000 ---p 00000000 00:00 0 
7fef72af1000-7fef72bef000 rw-p 00000000 00:00 0                          [stack:3856]
7fef72bef000-7fef72bf2000 ---p 00000000 00:00 0 
7fef72bf2000-7fef72cf0000 rw-p 00000000 00:00 0                          [stack:3855]
7fef72cf0000-7fef733d3000 r--p 00000000 08:01 3677197                    /usr/lib/locale/locale-archive
7fef733d3000-7fef733d6000 ---p 00000000 00:00 0 
7fef733d6000-7fef734d4000 rw-p 00000000 00:00 0                          [stack:3854]
7fef734d4000-7fef734d7000 ---p 00000000 00:00 0 
7fef734d7000-7fef735d5000 rw-p 00000000 00:00 0                          [stack:3853]
7fef735d5000-7fef735d6000 ---p 00000000 00:00 0 
7fef735d6000-7fef74000000 rw-p 00000000 00:00 0                          [stack:3852]
7fef74000000-7fef74021000 rw-p 00000000 00:00 0 
7fef74021000-7fef78000000 ---p 00000000 00:00 0 
7fef78000000-7fef78021000 rw-p 00000000 00:00 0 
7fef78021000-7fef7c000000 ---p 00000000 00:00 0 
7fef7c000000-7fef7c021000 rw-p 00000000 00:00 0 
7fef7c021000-7fef80000000 ---p 00000000 00:00 0 
7fef80000000-7fef80627000 rw-p 00000000 00:00 0 
7fef80627000-7fef80800000 r--s 03d1f000 08:01 3940085                    /usr/lib/jvm/java-8-oracle/jre/lib/rt.jar
7fef80800000-7fef80e40000 rw-p 00000000 00:00 0 
7fef80e40000-7fef81000000 ---p 00000000 00:00 0 
7fef81000000-7fef81540000 rwxp 00000000 00:00 0 
7fef81540000-7fef90000000 ---p 00000000 00:00 0 
7fef90000000-7fef9038d000 rw-p 00000000 00:00 0 
7fef9038d000-7fef94000000 ---p 00000000 00:00 0 
7fef9400d000-7fef962e6000 rw-p 00000000 00:00 0 
7fef962e6000-7fef962e7000 ---p 00000000 00:00 0 
7fef962e7000-7fef963e7000 rw-p 00000000 00:00 0                          [stack:3851]
7fef963e7000-7fef963e8000 ---p 00000000 00:00 0 
7fef963e8000-7fef964e8000 rw-p 00000000 00:00 0                          [stack:3850]
7fef964e8000-7fef964e9000 ---p 00000000 00:00 0 
7fef964e9000-7fef965e9000 rw-p 00000000 00:00 0                          [stack:3849]
7fef965e9000-7fef965ea000 ---p 00000000 00:00 0 
7fef965ea000-7fef96708000 rw-p 00000000 00:00 0                          [stack:3848]
7fef96708000-7fef96840000 ---p 00000000 00:00 0 
7fef96840000-7fef9685e000 rw-p 00000000 00:00 0 
7fef9685e000-7fef96995000 ---p 00000000 00:00 0 
7fef96995000-7fef969c7000 rw-p 00000000 00:00 0 
7fef969c7000-7fef96a40000 ---p 00000000 00:00 0 
7fef96a40000-7fef96a56000 rw-p 00000000 00:00 0 
7fef96a56000-7fef96e01000 ---p 00000000 00:00 0 
7fef96e01000-7fef96e1b000 r-xp 00000000 08:01 3940178                    /usr/lib/jvm/java-8-oracle/jre/lib/amd64/libzip.so
7fef96e1b000-7fef9701b000 ---p 0001a000 08:01 3940178                    /usr/lib/jvm/java-8-oracle/jre/lib/amd64/libzip.so
7fef9701b000-7fef9701c000 rw-p 0001a000 08:01 3940178                    /usr/lib/jvm/java-8-oracle/jre/lib/amd64/libzip.so
7fef9701c000-7fef97026000 r-xp 00000000 08:01 135441                     /lib/x86_64-linux-gnu/libnss_files-2.19.so
7fef97026000-7fef97225000 ---p 0000a000 08:01 135441                     /lib/x86_64-linux-gnu/libnss_files-2.19.so
7fef97225000-7fef97226000 r--p 00009000 08:01 135441                     /lib/x86_64-linux-gnu/libnss_files-2.19.so
7fef97226000-7fef97227000 rw-p 0000a000 08:01 135441                     /lib/x86_64-linux-gnu/libnss_files-2.19.so
7fef97227000-7fef97232000 r-xp 00000000 08:01 135433                     /lib/x86_64-linux-gnu/libnss_nis-2.19.so
7fef97232000-7fef97431000 ---p 0000b000 08:01 135433                     /lib/x86_64-linux-gnu/libnss_nis-2.19.so
7fef97431000-7fef97432000 r--p 0000a000 08:01 135433                     /lib/x86_64-linux-gnu/libnss_nis-2.19.so
7fef97432000-7fef97433000 rw-p 0000b000 08:01 135433                     /lib/x86_64-linux-gnu/libnss_nis-2.19.so
7fef97433000-7fef9744a000 r-xp 00000000 08:01 135429                     /lib/x86_64-linux-gnu/libnsl-2.19.so
7fef9744a000-7fef97649000 ---p 00017000 08:01 135429                     /lib/x86_64-linux-gnu/libnsl-2.19.so
7fef97649000-7fef9764a000 r--p 00016000 08:01 135429                     /lib/x86_64-linux-gnu/libnsl-2.19.so
7fef9764a000-7fef9764b000 rw-p 00017000 08:01 135429                     /lib/x86_64-linux-gnu/libnsl-2.19.so
7fef9764b000-7fef9764d000 rw-p 00000000 00:00 0 
7fef9764d000-7fef97656000 r-xp 00000000 08:01 135428                     /lib/x86_64-linux-gnu/libnss_compat-2.19.so
7fef97656000-7fef97855000 ---p 00009000 08:01 135428                     /lib/x86_64-linux-gnu/libnss_compat-2.19.so
7fef97855000-7fef97856000 r--p 00008000 08:01 135428                     /lib/x86_64-linux-gnu/libnss_compat-2.19.so
7fef97856000-7fef97857000 rw-p 00009000 08:01 135428                     /lib/x86_64-linux-gnu/libnss_compat-2.19.so
7fef97857000-7fef97881000 r-xp 00000000 08:01 3940180                    /usr/lib/jvm/java-8-oracle/jre/lib/amd64/libjava.so
7fef97881000-7fef97a81000 ---p 0002a000 08:01 3940180                    /usr/lib/jvm/java-8-oracle/jre/lib/amd64/libjava.so
7fef97a81000-7fef97a83000 rw-p 0002a000 08:01 3940180                    /usr/lib/jvm/java-8-oracle/jre/lib/amd64/libjava.so
7fef97a83000-7fef97a90000 r-xp 00000000 08:01 3940138                    /usr/lib/jvm/java-8-oracle/jre/lib/amd64/libverify.so
7fef97a90000-7fef97c90000 ---p 0000d000 08:01 3940138                    /usr/lib/jvm/java-8-oracle/jre/lib/amd64/libverify.so
7fef97c90000-7fef97c92000 rw-p 0000d000 08:01 3940138                    /usr/lib/jvm/java-8-oracle/jre/lib/amd64/libverify.so
7fef97c92000-7fef97c99000 r-xp 00000000 08:01 135437                     /lib/x86_64-linux-gnu/librt-2.19.so
7fef97c99000-7fef97e98000 ---p 00007000 08:01 135437                     /lib/x86_64-linux-gnu/librt-2.19.so
7fef97e98000-7fef97e99000 r--p 00006000 08:01 135437                     /lib/x86_64-linux-gnu/librt-2.19.so
7fef97e99000-7fef97e9a000 rw-p 00007000 08:01 135437                     /lib/x86_64-linux-gnu/librt-2.19.so
7fef97e9a000-7fef97f9f000 r-xp 00000000 08:01 135423                     /lib/x86_64-linux-gnu/libm-2.19.so
7fef97f9f000-7fef9819e000 ---p 00105000 08:01 135423                     /lib/x86_64-linux-gnu/libm-2.19.so
7fef9819e000-7fef9819f000 r--p 00104000 08:01 135423                     /lib/x86_64-linux-gnu/libm-2.19.so
7fef9819f000-7fef981a0000 rw-p 00105000 08:01 135423                     /lib/x86_64-linux-gnu/libm-2.19.so
7fef981a0000-7fef98e60000 r-xp 00000000 08:01 3940148                    /usr/lib/jvm/java-8-oracle/jre/lib/amd64/server/libjvm.so
7fef98e60000-7fef99060000 ---p 00cc0000 08:01 3940148                    /usr/lib/jvm/java-8-oracle/jre/lib/amd64/server/libjvm.so
7fef99060000-7fef99138000 rw-p 00cc0000 08:01 3940148                    /usr/lib/jvm/java-8-oracle/jre/lib/amd64/server/libjvm.so
7fef99138000-7fef99183000 rw-p 00000000 00:00 0 
7fef99183000-7fef9933d000 r-xp 00000000 08:01 135438                     /lib/x86_64-linux-gnu/libc-2.19.so
7fef9933d000-7fef9953d000 ---p 001ba000 08:01 135438                     /lib/x86_64-linux-gnu/libc-2.19.so
7fef9953d000-7fef99541000 r--p 001ba000 08:01 135438                     /lib/x86_64-linux-gnu/libc-2.19.so
7fef99541000-7fef99543000 rw-p 001be000 08:01 135438                     /lib/x86_64-linux-gnu/libc-2.19.so
7fef99543000-7fef99548000 rw-p 00000000 00:00 0 
7fef99548000-7fef9954b000 r-xp 00000000 08:01 135425                     /lib/x86_64-linux-gnu/libdl-2.19.so
7fef9954b000-7fef9974a000 ---p 00003000 08:01 135425                     /lib/x86_64-linux-gnu/libdl-2.19.so
7fef9974a000-7fef9974b000 r--p 00002000 08:01 135425                     /lib/x86_64-linux-gnu/libdl-2.19.so
7fef9974b000-7fef9974c000 rw-p 00003000 08:01 135425                     /lib/x86_64-linux-gnu/libdl-2.19.so
7fef9974c000-7fef99761000 r-xp 00000000 08:01 3941495                    /usr/lib/jvm/java-8-oracle/lib/amd64/jli/libjli.so
7fef99761000-7fef99961000 ---p 00015000 08:01 3941495                    /usr/lib/jvm/java-8-oracle/lib/amd64/jli/libjli.so
7fef99961000-7fef99962000 rw-p 00015000 08:01 3941495                    /usr/lib/jvm/java-8-oracle/lib/amd64/jli/libjli.so
7fef99962000-7fef9997b000 r-xp 00000000 08:01 135430                     /lib/x86_64-linux-gnu/libpthread-2.19.so
7fef9997b000-7fef99b7a000 ---p 00019000 08:01 135430                     /lib/x86_64-linux-gnu/libpthread-2.19.so
7fef99b7a000-7fef99b7b000 r--p 00018000 08:01 135430                     /lib/x86_64-linux-gnu/libpthread-2.19.so
7fef99b7b000-7fef99b7c000 rw-p 00019000 08:01 135430                     /lib/x86_64-linux-gnu/libpthread-2.19.so
7fef99b7c000-7fef99b80000 rw-p 00000000 00:00 0 
7fef99b80000-7fef99ba3000 r-xp 00000000 08:01 135431                     /lib/x86_64-linux-gnu/ld-2.19.so
7fef99ba7000-7fef99c79000 rw-p 00000000 00:00 0 
7fef99c79000-7fef99c7c000 ---p 00000000 00:00 0 
7fef99c7c000-7fef99d7e000 rw-p 00000000 00:00 0                          [stack:3844]
7fef99d81000-7fef99d96000 rw-p 00000000 00:00 0 
7fef99d96000-7fef99d9e000 rw-s 00000000 08:01 803862                     /tmp/hsperfdata_taher/3842
7fef99d9e000-7fef99d9f000 rw-p 00000000 00:00 0 
7fef99d9f000-7fef99da0000 ---p 00000000 00:00 0 
7fef99da0000-7fef99da2000 rw-p 00000000 00:00 0 
7fef99da2000-7fef99da3000 r--p 00022000 08:01 135431                     /lib/x86_64-linux-gnu/ld-2.19.so
7fef99da3000-7fef99da4000 rw-p 00023000 08:01 135431                     /lib/x86_64-linux-gnu/ld-2.19.so
7fef99da4000-7fef99da5000 rw-p 00000000 00:00 0 
7fff6d7e1000-7fff6d802000 rw-p 00000000 00:00 0                          [stack]
7fff6d836000-7fff6d838000 r-xp 00000000 00:00 0                          [vdso]
ffffffffff600000-ffffffffff601000 r-xp 00000000 00:00 0                  [vsyscall]

VM Arguments:
jvm_args: -Djava.awt.headless=true -Xmx1024M -Dfile.encoding=UTF-8 -Duser.country=US -Duser.language=en -Duser.variant 
java_command: com.android.dx.command.Main --dex --num-threads=4 --output /home/taher/malProject/Maak_X_AlSeka/app/build/intermediates/pre-dexed/debug/com.android.support-support-v4-23.4.0_63ff976a73bf324a9199a91635dfafcbc73f552b.jar /home/taher/malProject/Maak_X_AlSeka/app/build/intermediates/exploded-aar/com.android.support/support-v4/23.4.0/jars/classes.jar
java_class_path (initial): /home/taher/Android/Sdk/build-tools/24.0.0/lib/dx.jar
Launcher Type: SUN_STANDARD

Environment Variables:
JAVA_HOME=/usr/lib/jvm/java-8-oracle
PATH=/home/taher/bin:/usr/local/sbin:/usr/local/bin:/usr/sbin:/usr/bin:/sbin:/bin:/usr/games:/usr/local/games:/usr/lib/jvm/java-8-oracle/bin:/usr/lib/jvm/java-8-oracle/db/bin:/usr/lib/jvm/java-8-oracle/jre/bin
SHELL=/bin/bash
DISPLAY=:0

Signal Handlers:
SIGSEGV: [libjvm.so+0xabca10], sa_mask[0]=11111111011111111101111111111110, sa_flags=SA_RESTART|SA_SIGINFO
SIGBUS: [libjvm.so+0xabca10], sa_mask[0]=11111111011111111101111111111110, sa_flags=SA_RESTART|SA_SIGINFO
SIGFPE: [libjvm.so+0x919a20], sa_mask[0]=11111111011111111101111111111110, sa_flags=SA_RESTART|SA_SIGINFO
SIGPIPE: [libjvm.so+0x919a20], sa_mask[0]=11111111011111111101111111111110, sa_flags=SA_RESTART|SA_SIGINFO
SIGXFSZ: [libjvm.so+0x919a20], sa_mask[0]=11111111011111111101111111111110, sa_flags=SA_RESTART|SA_SIGINFO
SIGILL: [libjvm.so+0x919a20], sa_mask[0]=11111111011111111101111111111110, sa_flags=SA_RESTART|SA_SIGINFO
SIGUSR1: SIG_DFL, sa_mask[0]=00000000000000000000000000000000, sa_flags=none
SIGUSR2: [libjvm.so+0x91b050], sa_mask[0]=00100000000000000000000000000000, sa_flags=SA_RESTART|SA_SIGINFO
SIGHUP: [libjvm.so+0x91c450], sa_mask[0]=11111111011111111101111111111110, sa_flags=SA_RESTART|SA_SIGINFO
SIGINT: [libjvm.so+0x91c450], sa_mask[0]=11111111011111111101111111111110, sa_flags=SA_RESTART|SA_SIGINFO
SIGTERM: [libjvm.so+0x91c450], sa_mask[0]=11111111011111111101111111111110, sa_flags=SA_RESTART|SA_SIGINFO
SIGQUIT: [libjvm.so+0x91c450], sa_mask[0]=11111111011111111101111111111110, sa_flags=SA_RESTART|SA_SIGINFO


---------------  S Y S T E M  ---------------

OS:DISTRIB_ID=Ubuntu
DISTRIB_RELEASE=14.04
DISTRIB_CODENAME=trusty
DISTRIB_DESCRIPTION="Ubuntu 14.04 LTS"

uname:Linux 3.13.0-98-generic #145-Ubuntu SMP Sat Oct 8 20:13:07 UTC 2016 x86_64
libc:glibc 2.19 NPTL 2.19 
rlimit: STACK 8192k, CORE 0k, NPROC 45651, NOFILE 4096, AS infinity
load average:10.83 4.34 1.83

/proc/meminfo:
MemTotal:        5864944 kB
MemFree:          126120 kB
Buffers:             236 kB
Cached:           415944 kB
SwapCached:            0 kB
Active:          5137824 kB
Inactive:         409588 kB
Active(anon):    5136084 kB
Inactive(anon):   402576 kB
Active(file):       1740 kB
Inactive(file):     7012 kB
Unevictable:         100 kB
Mlocked:             100 kB
SwapTotal:             0 kB
SwapFree:              0 kB
Dirty:               188 kB
Writeback:             0 kB
AnonPages:       5131788 kB
Mapped:            74244 kB
Shmem:            406972 kB
Slab:              69280 kB
SReclaimable:      30560 kB
SUnreclaim:        38720 kB
KernelStack:        6040 kB
PageTables:        38460 kB
NFS_Unstable:          0 kB
Bounce:                0 kB
WritebackTmp:          0 kB
CommitLimit:     2932472 kB
Committed_AS:    9700652 kB
VmallocTotal:   34359738367 kB
VmallocUsed:      605416 kB
VmallocChunk:   34359118752 kB
HardwareCorrupted:     0 kB
AnonHugePages:   2709504 kB
HugePages_Total:       0
HugePages_Free:        0
HugePages_Rsvd:        0
HugePages_Surp:        0
Hugepagesize:       2048 kB
DirectMap4k:       82688 kB
DirectMap2M:     3862528 kB
DirectMap1G:     2097152 kB


CPU:total 4 (2 cores per cpu, 2 threads per core) family 6 model 60 stepping 3, cmov, cx8, fxsr, mmx, sse, sse2, sse3, ssse3, sse4.1, sse4.2, popcnt, avx, avx2, aes, clmul, erms, lzcnt, ht, tsc, tscinvbit, bmi1, bmi2

/proc/cpuinfo:
processor	: 0
vendor_id	: GenuineIntel
cpu family	: 6
model		: 60
model name	: Intel(R) Core(TM) i5-4200M CPU @ 2.50GHz
stepping	: 3
microcode	: 0x9
cpu MHz		: 2501.000
cache size	: 3072 KB
physical id	: 0
siblings	: 4
core id		: 0
cpu cores	: 2
apicid		: 0
initial apicid	: 0
fpu		: yes
fpu_exception	: yes
cpuid level	: 13
wp		: yes
flags		: fpu vme de pse tsc msr pae mce cx8 apic sep mtrr pge mca cmov pat pse36 clflush dts acpi mmx fxsr sse sse2 ss ht tm pbe syscall nx pdpe1gb rdtscp lm constant_tsc arch_perfmon pebs bts rep_good nopl xtopology nonstop_tsc aperfmperf eagerfpu pni pclmulqdq dtes64 monitor ds_cpl vmx est tm2 ssse3 fma cx16 xtpr pdcm pcid sse4_1 sse4_2 movbe popcnt tsc_deadline_timer aes xsave avx f16c rdrand lahf_lm abm ida arat epb xsaveopt pln pts dtherm tpr_shadow vnmi flexpriority ept vpid fsgsbase tsc_adjust bmi1 avx2 smep bmi2 erms invpcid
bogomips	: 4987.88
clflush size	: 64
cache_alignment	: 64
address sizes	: 39 bits physical, 48 bits virtual
power management:

processor	: 1
vendor_id	: GenuineIntel
cpu family	: 6
model		: 60
model name	: Intel(R) Core(TM) i5-4200M CPU @ 2.50GHz
stepping	: 3
microcode	: 0x9
cpu MHz		: 2501.000
cache size	: 3072 KB
physical id	: 0
siblings	: 4
core id		: 0
cpu cores	: 2
apicid		: 1
initial apicid	: 1
fpu		: yes
fpu_exception	: yes
cpuid level	: 13
wp		: yes
flags		: fpu vme de pse tsc msr pae mce cx8 apic sep mtrr pge mca cmov pat pse36 clflush dts acpi mmx fxsr sse sse2 ss ht tm pbe syscall nx pdpe1gb rdtscp lm constant_tsc arch_perfmon pebs bts rep_good nopl xtopology nonstop_tsc aperfmperf eagerfpu pni pclmulqdq dtes64 monitor ds_cpl vmx est tm2 ssse3 fma cx16 xtpr pdcm pcid sse4_1 sse4_2 movbe popcnt tsc_deadline_timer aes xsave avx f16c rdrand lahf_lm abm ida arat epb xsaveopt pln pts dtherm tpr_shadow vnmi flexpriority ept vpid fsgsbase tsc_adjust bmi1 avx2 smep bmi2 erms invpcid
bogomips	: 4987.88
clflush size	: 64
cache_alignment	: 64
address sizes	: 39 bits physical, 48 bits virtual
power management:

processor	: 2
vendor_id	: GenuineIntel
cpu family	: 6
model		: 60
model name	: Intel(R) Core(TM) i5-4200M CPU @ 2.50GHz
stepping	: 3
microcode	: 0x9
cpu MHz		: 2501.000
cache size	: 3072 KB
physical id	: 0
siblings	: 4
core id		: 1
cpu cores	: 2
apicid		: 2
initial apicid	: 2
fpu		: yes
fpu_exception	: yes
cpuid level	: 13
wp		: yes
flags		: fpu vme de pse tsc msr pae mce cx8 apic sep mtrr pge mca cmov pat pse36 clflush dts acpi mmx fxsr sse sse2 ss ht tm pbe syscall nx pdpe1gb rdtscp lm constant_tsc arch_perfmon pebs bts rep_good nopl xtopology nonstop_tsc aperfmperf eagerfpu pni pclmulqdq dtes64 monitor ds_cpl vmx est tm2 ssse3 fma cx16 xtpr pdcm pcid sse4_1 sse4_2 movbe popcnt tsc_deadline_timer aes xsave avx f16c rdrand lahf_lm abm ida arat epb xsaveopt pln pts dtherm tpr_shadow vnmi flexpriority ept vpid fsgsbase tsc_adjust bmi1 avx2 smep bmi2 erms invpcid
bogomips	: 4987.88
clflush size	: 64
cache_alignment	: 64
address sizes	: 39 bits physical, 48 bits virtual
power management:

processor	: 3
vendor_id	: GenuineIntel
cpu family	: 6
model		: 60
model name	: Intel(R) Core(TM) i5-4200M CPU @ 2.50GHz
stepping	: 3
microcode	: 0x9
cpu MHz		: 2501.000
cache size	: 3072 KB
physical id	: 0
siblings	: 4
core id		: 1
cpu cores	: 2
apicid		: 3
initial apicid	: 3
fpu		: yes
fpu_exception	: yes
cpuid level	: 13
wp		: yes
flags		: fpu vme de pse tsc msr pae mce cx8 apic sep mtrr pge mca cmov pat pse36 clflush dts acpi mmx fxsr sse sse2 ss ht tm pbe syscall nx pdpe1gb rdtscp lm constant_tsc arch_perfmon pebs bts rep_good nopl xtopology nonstop_tsc aperfmperf eagerfpu pni pclmulqdq dtes64 monitor ds_cpl vmx est tm2 ssse3 fma cx16 xtpr pdcm pcid sse4_1 sse4_2 movbe popcnt tsc_deadline_timer aes xsave avx f16c rdrand lahf_lm abm ida arat epb xsaveopt pln pts dtherm tpr_shadow vnmi flexpriority ept vpid fsgsbase tsc_adjust bmi1 avx2 smep bmi2 erms invpcid
bogomips	: 4987.88
clflush size	: 64
cache_alignment	: 64
address sizes	: 39 bits physical, 48 bits virtual
power management:



Memory: 4k page, physical 5864944k(123980k free), swap 0k(0k free)

vm_info: Java HotSpot(TM) 64-Bit Server VM (25.91-b14) for linux-amd64 JRE (1.8.0_91-b14), built on Apr  1 2016 00:57:21 by "java_re" with gcc 4.3.0 20080428 (Red Hat 4.3.0-8)

time: Sat Nov 26 01:47:30 2016
elapsed time: 14 seconds (0d 0h 0m 14s)

