#
# There is insufficient memory for the Java Runtime Environment to continue.
# Native memory allocation (mmap) failed to map 62914560 bytes for committing reserved memory.
# Possible reasons:
#   The system is out of physical RAM or swap space
#   In 32 bit mode, the process size limit was hit
# Possible solutions:
#   Reduce memory load on the system
#   Increase physical memory or swap space
#   Check if swap backing store is full
#   Use 64 bit Java on a 64 bit OS
#   Decrease Java heap size (-Xmx/-Xms)
#   Decrease number of Java threads
#   Decrease Java thread stack sizes (-Xss)
#   Set larger code cache with -XX:ReservedCodeCacheSize=
# This output file may be truncated or incomplete.
#
#  Out of Memory Error (os_linux.cpp:2627), pid=10427, tid=140400724883200
#
# JRE version:  (8.0_91-b14) (build )
# Java VM: Java HotSpot(TM) 64-Bit Server VM (25.91-b14 mixed mode linux-amd64 compressed oops)
# Failed to write core dump. Core dumps have been disabled. To enable core dumping, try "ulimit -c unlimited" before starting Java again
#

---------------  T H R E A D  ---------------

Current thread (0x00007fb19000a000):  JavaThread "Unknown thread" [_thread_in_vm, id=10436, stack(0x00007fb197453000,0x00007fb197554000)]

Stack: [0x00007fb197453000,0x00007fb197554000],  sp=0x00007fb197552370,  free space=1020k
Native frames: (J=compiled Java code, j=interpreted, Vv=VM code, C=native code)
V  [libjvm.so+0xabc18a]  VMError::report_and_die()+0x2ba
V  [libjvm.so+0x4fafeb]  report_vm_out_of_memory(char const*, int, unsigned long, VMErrorType, char const*)+0x8b
V  [libjvm.so+0x91cbb3]  os::Linux::commit_memory_impl(char*, unsigned long, bool)+0x103
V  [libjvm.so+0x91d109]  os::pd_commit_memory(char*, unsigned long, unsigned long, bool)+0x29
V  [libjvm.so+0x91740a]  os::commit_memory(char*, unsigned long, unsigned long, bool)+0x2a
V  [libjvm.so+0x98b033]  PSVirtualSpace::expand_by(unsigned long)+0x53
V  [libjvm.so+0x97b177]  PSOldGen::initialize(ReservedSpace, unsigned long, char const*, int)+0xb7
V  [libjvm.so+0x2d827a]  AdjoiningGenerations::AdjoiningGenerations(ReservedSpace, GenerationSizer*, unsigned long)+0x39a
V  [libjvm.so+0x93ff76]  ParallelScavengeHeap::initialize()+0x1d6
V  [libjvm.so+0xa849bb]  Universe::initialize_heap()+0xfb
V  [libjvm.so+0xa84d2e]  universe_init()+0x3e
V  [libjvm.so+0x63a575]  init_globals()+0x65
V  [libjvm.so+0xa68f3e]  Threads::create_vm(JavaVMInitArgs*, bool*)+0x23e
V  [libjvm.so+0x6cede4]  JNI_CreateJavaVM+0x74
C  [libjli.so+0x745e]  JavaMain+0x9e
C  [libpthread.so.0+0x8184]  start_thread+0xc4


---------------  P R O C E S S  ---------------

Java Threads: ( => current thread )

Other Threads:

=>0x00007fb19000a000 (exited) JavaThread "Unknown thread" [_thread_in_vm, id=10436, stack(0x00007fb197453000,0x00007fb197554000)]

VM state:not at safepoint (not fully initialized)

VM Mutex/Monitor currently owned by a thread: None

GC Heap History (0 events):
No events

Deoptimization events (0 events):
No events

Internal exceptions (0 events):
No events

Events (0 events):
No events


Dynamic libraries:
00400000-00401000 r-xp 00000000 08:01 3941548                            /usr/lib/jvm/java-8-oracle/bin/java
00600000-00601000 rw-p 00000000 08:01 3941548                            /usr/lib/jvm/java-8-oracle/bin/java
0175e000-0177f000 rw-p 00000000 00:00 0                                  [heap]
c3c00000-eab00000 ---p 00000000 00:00 0 
eab00000-ec900000 rw-p 00000000 00:00 0 
ec900000-100000000 ---p 00000000 00:00 0 
7fb180d7b000-7fb181000000 rw-p 00000000 00:00 0 
7fb181000000-7fb181270000 rwxp 00000000 00:00 0 
7fb181270000-7fb190000000 ---p 00000000 00:00 0 
7fb190000000-7fb190032000 rw-p 00000000 00:00 0 
7fb190032000-7fb194000000 ---p 00000000 00:00 0 
7fb19401a000-7fb19416f000 ---p 00000000 00:00 0 
7fb19416f000-7fb19417f000 rw-p 00000000 00:00 0 
7fb19417f000-7fb19421a000 ---p 00000000 00:00 0 
7fb19421a000-7fb194225000 rw-p 00000000 00:00 0 
7fb194225000-7fb1945db000 ---p 00000000 00:00 0 
7fb1945db000-7fb1945f5000 r-xp 00000000 08:01 3940178                    /usr/lib/jvm/java-8-oracle/jre/lib/amd64/libzip.so
7fb1945f5000-7fb1947f5000 ---p 0001a000 08:01 3940178                    /usr/lib/jvm/java-8-oracle/jre/lib/amd64/libzip.so
7fb1947f5000-7fb1947f6000 rw-p 0001a000 08:01 3940178                    /usr/lib/jvm/java-8-oracle/jre/lib/amd64/libzip.so
7fb1947f6000-7fb194800000 r-xp 00000000 08:01 135441                     /lib/x86_64-linux-gnu/libnss_files-2.19.so
7fb194800000-7fb1949ff000 ---p 0000a000 08:01 135441                     /lib/x86_64-linux-gnu/libnss_files-2.19.so
7fb1949ff000-7fb194a00000 r--p 00009000 08:01 135441                     /lib/x86_64-linux-gnu/libnss_files-2.19.so
7fb194a00000-7fb194a01000 rw-p 0000a000 08:01 135441                     /lib/x86_64-linux-gnu/libnss_files-2.19.so
7fb194a01000-7fb194a0c000 r-xp 00000000 08:01 135433                     /lib/x86_64-linux-gnu/libnss_nis-2.19.so
7fb194a0c000-7fb194c0b000 ---p 0000b000 08:01 135433                     /lib/x86_64-linux-gnu/libnss_nis-2.19.so
7fb194c0b000-7fb194c0c000 r--p 0000a000 08:01 135433                     /lib/x86_64-linux-gnu/libnss_nis-2.19.so
7fb194c0c000-7fb194c0d000 rw-p 0000b000 08:01 135433                     /lib/x86_64-linux-gnu/libnss_nis-2.19.so
7fb194c0d000-7fb194c24000 r-xp 00000000 08:01 135429                     /lib/x86_64-linux-gnu/libnsl-2.19.so
7fb194c24000-7fb194e23000 ---p 00017000 08:01 135429                     /lib/x86_64-linux-gnu/libnsl-2.19.so
7fb194e23000-7fb194e24000 r--p 00016000 08:01 135429                     /lib/x86_64-linux-gnu/libnsl-2.19.so
7fb194e24000-7fb194e25000 rw-p 00017000 08:01 135429                     /lib/x86_64-linux-gnu/libnsl-2.19.so
7fb194e25000-7fb194e27000 rw-p 00000000 00:00 0 
7fb194e27000-7fb194e30000 r-xp 00000000 08:01 135428                     /lib/x86_64-linux-gnu/libnss_compat-2.19.so
7fb194e30000-7fb19502f000 ---p 00009000 08:01 135428                     /lib/x86_64-linux-gnu/libnss_compat-2.19.so
7fb19502f000-7fb195030000 r--p 00008000 08:01 135428                     /lib/x86_64-linux-gnu/libnss_compat-2.19.so
7fb195030000-7fb195031000 rw-p 00009000 08:01 135428                     /lib/x86_64-linux-gnu/libnss_compat-2.19.so
7fb195031000-7fb19505b000 r-xp 00000000 08:01 3940180                    /usr/lib/jvm/java-8-oracle/jre/lib/amd64/libjava.so
7fb19505b000-7fb19525b000 ---p 0002a000 08:01 3940180                    /usr/lib/jvm/java-8-oracle/jre/lib/amd64/libjava.so
7fb19525b000-7fb19525d000 rw-p 0002a000 08:01 3940180                    /usr/lib/jvm/java-8-oracle/jre/lib/amd64/libjava.so
7fb19525d000-7fb19526a000 r-xp 00000000 08:01 3940138                    /usr/lib/jvm/java-8-oracle/jre/lib/amd64/libverify.so
7fb19526a000-7fb19546a000 ---p 0000d000 08:01 3940138                    /usr/lib/jvm/java-8-oracle/jre/lib/amd64/libverify.so
7fb19546a000-7fb19546c000 rw-p 0000d000 08:01 3940138                    /usr/lib/jvm/java-8-oracle/jre/lib/amd64/libverify.so
7fb19546c000-7fb195473000 r-xp 00000000 08:01 135437                     /lib/x86_64-linux-gnu/librt-2.19.so
7fb195473000-7fb195672000 ---p 00007000 08:01 135437                     /lib/x86_64-linux-gnu/librt-2.19.so
7fb195672000-7fb195673000 r--p 00006000 08:01 135437                     /lib/x86_64-linux-gnu/librt-2.19.so
7fb195673000-7fb195674000 rw-p 00007000 08:01 135437                     /lib/x86_64-linux-gnu/librt-2.19.so
7fb195674000-7fb195779000 r-xp 00000000 08:01 135423                     /lib/x86_64-linux-gnu/libm-2.19.so
7fb195779000-7fb195978000 ---p 00105000 08:01 135423                     /lib/x86_64-linux-gnu/libm-2.19.so
7fb195978000-7fb195979000 r--p 00104000 08:01 135423                     /lib/x86_64-linux-gnu/libm-2.19.so
7fb195979000-7fb19597a000 rw-p 00105000 08:01 135423                     /lib/x86_64-linux-gnu/libm-2.19.so
7fb19597a000-7fb19663a000 r-xp 00000000 08:01 3940148                    /usr/lib/jvm/java-8-oracle/jre/lib/amd64/server/libjvm.so
7fb19663a000-7fb19683a000 ---p 00cc0000 08:01 3940148                    /usr/lib/jvm/java-8-oracle/jre/lib/amd64/server/libjvm.so
7fb19683a000-7fb196912000 rw-p 00cc0000 08:01 3940148                    /usr/lib/jvm/java-8-oracle/jre/lib/amd64/server/libjvm.so
7fb196912000-7fb19695d000 rw-p 00000000 00:00 0 
7fb19695d000-7fb196b17000 r-xp 00000000 08:01 135438                     /lib/x86_64-linux-gnu/libc-2.19.so
7fb196b17000-7fb196d17000 ---p 001ba000 08:01 135438                     /lib/x86_64-linux-gnu/libc-2.19.so
7fb196d17000-7fb196d1b000 r--p 001ba000 08:01 135438                     /lib/x86_64-linux-gnu/libc-2.19.so
7fb196d1b000-7fb196d1d000 rw-p 001be000 08:01 135438                     /lib/x86_64-linux-gnu/libc-2.19.so
7fb196d1d000-7fb196d22000 rw-p 00000000 00:00 0 
7fb196d22000-7fb196d25000 r-xp 00000000 08:01 135425                     /lib/x86_64-linux-gnu/libdl-2.19.so
7fb196d25000-7fb196f24000 ---p 00003000 08:01 135425                     /lib/x86_64-linux-gnu/libdl-2.19.so
7fb196f24000-7fb196f25000 r--p 00002000 08:01 135425                     /lib/x86_64-linux-gnu/libdl-2.19.so
7fb196f25000-7fb196f26000 rw-p 00003000 08:01 135425                     /lib/x86_64-linux-gnu/libdl-2.19.so
7fb196f26000-7fb196f3b000 r-xp 00000000 08:01 3941495                    /usr/lib/jvm/java-8-oracle/lib/amd64/jli/libjli.so
7fb196f3b000-7fb19713b000 ---p 00015000 08:01 3941495                    /usr/lib/jvm/java-8-oracle/lib/amd64/jli/libjli.so
7fb19713b000-7fb19713c000 rw-p 00015000 08:01 3941495                    /usr/lib/jvm/java-8-oracle/lib/amd64/jli/libjli.so
7fb19713c000-7fb197155000 r-xp 00000000 08:01 135430                     /lib/x86_64-linux-gnu/libpthread-2.19.so
7fb197155000-7fb197354000 ---p 00019000 08:01 135430                     /lib/x86_64-linux-gnu/libpthread-2.19.so
7fb197354000-7fb197355000 r--p 00018000 08:01 135430                     /lib/x86_64-linux-gnu/libpthread-2.19.so
7fb197355000-7fb197356000 rw-p 00019000 08:01 135430                     /lib/x86_64-linux-gnu/libpthread-2.19.so
7fb197356000-7fb19735a000 rw-p 00000000 00:00 0 
7fb19735a000-7fb19737d000 r-xp 00000000 08:01 135431                     /lib/x86_64-linux-gnu/ld-2.19.so
7fb197453000-7fb197456000 ---p 00000000 00:00 0 
7fb197456000-7fb197558000 rw-p 00000000 00:00 0                          [stack:10436]
7fb19756d000-7fb197570000 rw-p 00000000 00:00 0 
7fb197570000-7fb197578000 rw-s 00000000 08:01 803873                     /tmp/hsperfdata_taher/10427
7fb197578000-7fb197579000 rw-p 00000000 00:00 0 
7fb197579000-7fb19757a000 r--p 00000000 00:00 0 
7fb19757a000-7fb19757c000 rw-p 00000000 00:00 0 
7fb19757c000-7fb19757d000 r--p 00022000 08:01 135431                     /lib/x86_64-linux-gnu/ld-2.19.so
7fb19757d000-7fb19757e000 rw-p 00023000 08:01 135431                     /lib/x86_64-linux-gnu/ld-2.19.so
7fb19757e000-7fb19757f000 rw-p 00000000 00:00 0 
7ffe562f5000-7ffe56316000 rw-p 00000000 00:00 0                          [stack]
7ffe5639b000-7ffe5639d000 r-xp 00000000 00:00 0                          [vdso]
ffffffffff600000-ffffffffff601000 r-xp 00000000 00:00 0                  [vsyscall]

VM Arguments:
jvm_args: -Djava.awt.headless=true -Xmx1024M -Dfile.encoding=UTF-8 -Duser.country=US -Duser.language=en -Duser.variant 
java_command: com.android.dx.command.Main --dex --num-threads=4 --output /home/taher/malProject/Maak_X_AlSeka/app/build/intermediates/pre-dexed/debug/com.android.support-support-vector-drawable-23.4.0_4cd01c89b8b9e0df2cfe04cd1887b1e1d37a9e45.jar /home/taher/malProject/Maak_X_AlSeka/app/build/intermediates/exploded-aar/com.android.support/support-vector-drawable/23.4.0/jars/classes.jar
java_class_path (initial): /home/taher/Android/Sdk/build-tools/24.0.0/lib/dx.jar
Launcher Type: SUN_STANDARD

Environment Variables:
JAVA_HOME=/usr/lib/jvm/java-8-oracle
PATH=/home/taher/bin:/usr/local/sbin:/usr/local/bin:/usr/sbin:/usr/bin:/sbin:/bin:/usr/games:/usr/local/games:/usr/lib/jvm/java-8-oracle/bin:/usr/lib/jvm/java-8-oracle/db/bin:/usr/lib/jvm/java-8-oracle/jre/bin
SHELL=/bin/bash
DISPLAY=:0

Signal Handlers:
SIGSEGV: [libjvm.so+0xabca10], sa_mask[0]=11111111011111111101111111111110, sa_flags=SA_RESTART|SA_SIGINFO
SIGBUS: [libjvm.so+0xabca10], sa_mask[0]=11111111011111111101111111111110, sa_flags=SA_RESTART|SA_SIGINFO
SIGFPE: [libjvm.so+0x919a20], sa_mask[0]=11111111011111111101111111111110, sa_flags=SA_RESTART|SA_SIGINFO
SIGPIPE: [libjvm.so+0x919a20], sa_mask[0]=11111111011111111101111111111110, sa_flags=SA_RESTART|SA_SIGINFO
SIGXFSZ: [libjvm.so+0x919a20], sa_mask[0]=11111111011111111101111111111110, sa_flags=SA_RESTART|SA_SIGINFO
SIGILL: [libjvm.so+0x919a20], sa_mask[0]=11111111011111111101111111111110, sa_flags=SA_RESTART|SA_SIGINFO
SIGUSR1: SIG_DFL, sa_mask[0]=00000000000000000000000000000000, sa_flags=none
SIGUSR2: [libjvm.so+0x91b050], sa_mask[0]=00100000000000000000000000000000, sa_flags=SA_RESTART|SA_SIGINFO
SIGHUP: SIG_DFL, sa_mask[0]=00000000000000000000000000000000, sa_flags=none
SIGINT: SIG_DFL, sa_mask[0]=00000000000000000000000000000000, sa_flags=none
SIGTERM: SIG_DFL, sa_mask[0]=00000000000000000000000000000000, sa_flags=none
SIGQUIT: SIG_DFL, sa_mask[0]=00000000000000000000000000000000, sa_flags=none


---------------  S Y S T E M  ---------------

OS:DISTRIB_ID=Ubuntu
DISTRIB_RELEASE=14.04
DISTRIB_CODENAME=trusty
DISTRIB_DESCRIPTION="Ubuntu 14.04 LTS"

uname:Linux 3.13.0-98-generic #145-Ubuntu SMP Sat Oct 8 20:13:07 UTC 2016 x86_64
libc:glibc 2.19 NPTL 2.19 
rlimit: STACK 8192k, CORE 0k, NPROC 45651, NOFILE 4096, AS infinity
load average:4.81 2.84 1.70

/proc/meminfo:
MemTotal:        5864944 kB
MemFree:          114236 kB
Buffers:            3884 kB
Cached:           490840 kB
SwapCached:            0 kB
Active:          5069808 kB
Inactive:         474912 kB
Active(anon):    5055060 kB
Inactive(anon):   451388 kB
Active(file):      14748 kB
Inactive(file):    23524 kB
Unevictable:         100 kB
Mlocked:             100 kB
SwapTotal:             0 kB
SwapFree:              0 kB
Dirty:               384 kB
Writeback:             0 kB
AnonPages:       5050128 kB
Mapped:           107716 kB
Shmem:            456472 kB
Slab:              83692 kB
SReclaimable:      31400 kB
SUnreclaim:        52292 kB
KernelStack:        5288 kB
PageTables:        38028 kB
NFS_Unstable:          0 kB
Bounce:                0 kB
WritebackTmp:          0 kB
CommitLimit:     2932472 kB
Committed_AS:    8913720 kB
VmallocTotal:   34359738367 kB
VmallocUsed:      605448 kB
VmallocChunk:   34359118320 kB
HardwareCorrupted:     0 kB
AnonHugePages:   2603008 kB
HugePages_Total:       0
HugePages_Free:        0
HugePages_Rsvd:        0
HugePages_Surp:        0
Hugepagesize:       2048 kB
DirectMap4k:       92928 kB
DirectMap2M:     3852288 kB
DirectMap1G:     2097152 kB


CPU:total 4 (2 cores per cpu, 2 threads per core) family 6 model 60 stepping 3, cmov, cx8, fxsr, mmx, sse, sse2, sse3, ssse3, sse4.1, sse4.2, popcnt, avx, avx2, aes, clmul, erms, lzcnt, ht, tsc, tscinvbit, bmi1, bmi2

/proc/cpuinfo:
processor	: 0
vendor_id	: GenuineIntel
cpu family	: 6
model		: 60
model name	: Intel(R) Core(TM) i5-4200M CPU @ 2.50GHz
stepping	: 3
microcode	: 0x9
cpu MHz		: 2501.000
cache size	: 3072 KB
physical id	: 0
siblings	: 4
core id		: 0
cpu cores	: 2
apicid		: 0
initial apicid	: 0
fpu		: yes
fpu_exception	: yes
cpuid level	: 13
wp		: yes
flags		: fpu vme de pse tsc msr pae mce cx8 apic sep mtrr pge mca cmov pat pse36 clflush dts acpi mmx fxsr sse sse2 ss ht tm pbe syscall nx pdpe1gb rdtscp lm constant_tsc arch_perfmon pebs bts rep_good nopl xtopology nonstop_tsc aperfmperf eagerfpu pni pclmulqdq dtes64 monitor ds_cpl vmx est tm2 ssse3 fma cx16 xtpr pdcm pcid sse4_1 sse4_2 movbe popcnt tsc_deadline_timer aes xsave avx f16c rdrand lahf_lm abm ida arat epb xsaveopt pln pts dtherm tpr_shadow vnmi flexpriority ept vpid fsgsbase tsc_adjust bmi1 avx2 smep bmi2 erms invpcid
bogomips	: 4988.08
clflush size	: 64
cache_alignment	: 64
address sizes	: 39 bits physical, 48 bits virtual
power management:

processor	: 1
vendor_id	: GenuineIntel
cpu family	: 6
model		: 60
model name	: Intel(R) Core(TM) i5-4200M CPU @ 2.50GHz
stepping	: 3
microcode	: 0x9
cpu MHz		: 2501.000
cache size	: 3072 KB
physical id	: 0
siblings	: 4
core id		: 0
cpu cores	: 2
apicid		: 1
initial apicid	: 1
fpu		: yes
fpu_exception	: yes
cpuid level	: 13
wp		: yes
flags		: fpu vme de pse tsc msr pae mce cx8 apic sep mtrr pge mca cmov pat pse36 clflush dts acpi mmx fxsr sse sse2 ss ht tm pbe syscall nx pdpe1gb rdtscp lm constant_tsc arch_perfmon pebs bts rep_good nopl xtopology nonstop_tsc aperfmperf eagerfpu pni pclmulqdq dtes64 monitor ds_cpl vmx est tm2 ssse3 fma cx16 xtpr pdcm pcid sse4_1 sse4_2 movbe popcnt tsc_deadline_timer aes xsave avx f16c rdrand lahf_lm abm ida arat epb xsaveopt pln pts dtherm tpr_shadow vnmi flexpriority ept vpid fsgsbase tsc_adjust bmi1 avx2 smep bmi2 erms invpcid
bogomips	: 4988.08
clflush size	: 64
cache_alignment	: 64
address sizes	: 39 bits physical, 48 bits virtual
power management:

processor	: 2
vendor_id	: GenuineIntel
cpu family	: 6
model		: 60
model name	: Intel(R) Core(TM) i5-4200M CPU @ 2.50GHz
stepping	: 3
microcode	: 0x9
cpu MHz		: 2501.000
cache size	: 3072 KB
physical id	: 0
siblings	: 4
core id		: 1
cpu cores	: 2
apicid		: 2
initial apicid	: 2
fpu		: yes
fpu_exception	: yes
cpuid level	: 13
wp		: yes
flags		: fpu vme de pse tsc msr pae mce cx8 apic sep mtrr pge mca cmov pat pse36 clflush dts acpi mmx fxsr sse sse2 ss ht tm pbe syscall nx pdpe1gb rdtscp lm constant_tsc arch_perfmon pebs bts rep_good nopl xtopology nonstop_tsc aperfmperf eagerfpu pni pclmulqdq dtes64 monitor ds_cpl vmx est tm2 ssse3 fma cx16 xtpr pdcm pcid sse4_1 sse4_2 movbe popcnt tsc_deadline_timer aes xsave avx f16c rdrand lahf_lm abm ida arat epb xsaveopt pln pts dtherm tpr_shadow vnmi flexpriority ept vpid fsgsbase tsc_adjust bmi1 avx2 smep bmi2 erms invpcid
bogomips	: 4988.08
clflush size	: 64
cache_alignment	: 64
address sizes	: 39 bits physical, 48 bits virtual
power management:

processor	: 3
vendor_id	: GenuineIntel
cpu family	: 6
model		: 60
model name	: Intel(R) Core(TM) i5-4200M CPU @ 2.50GHz
stepping	: 3
microcode	: 0x9
cpu MHz		: 2501.000
cache size	: 3072 KB
physical id	: 0
siblings	: 4
core id		: 1
cpu cores	: 2
apicid		: 3
initial apicid	: 3
fpu		: yes
fpu_exception	: yes
cpuid level	: 13
wp		: yes
flags		: fpu vme de pse tsc msr pae mce cx8 apic sep mtrr pge mca cmov pat pse36 clflush dts acpi mmx fxsr sse sse2 ss ht tm pbe syscall nx pdpe1gb rdtscp lm constant_tsc arch_perfmon pebs bts rep_good nopl xtopology nonstop_tsc aperfmperf eagerfpu pni pclmulqdq dtes64 monitor ds_cpl vmx est tm2 ssse3 fma cx16 xtpr pdcm pcid sse4_1 sse4_2 movbe popcnt tsc_deadline_timer aes xsave avx f16c rdrand lahf_lm abm ida arat epb xsaveopt pln pts dtherm tpr_shadow vnmi flexpriority ept vpid fsgsbase tsc_adjust bmi1 avx2 smep bmi2 erms invpcid
bogomips	: 4988.08
clflush size	: 64
cache_alignment	: 64
address sizes	: 39 bits physical, 48 bits virtual
power management:



Memory: 4k page, physical 5864944k(114236k free), swap 0k(0k free)

vm_info: Java HotSpot(TM) 64-Bit Server VM (25.91-b14) for linux-amd64 JRE (1.8.0_91-b14), built on Apr  1 2016 00:57:21 by "java_re" with gcc 4.3.0 20080428 (Red Hat 4.3.0-8)

time: Sat Nov 26 00:19:56 2016
elapsed time: 0 seconds (0d 0h 0m 0s)

