#
# There is insufficient memory for the Java Runtime Environment to continue.
# Native memory allocation (mmap) failed to map 125829120 bytes for committing reserved memory.
# Possible reasons:
#   The system is out of physical RAM or swap space
#   In 32 bit mode, the process size limit was hit
# Possible solutions:
#   Reduce memory load on the system
#   Increase physical memory or swap space
#   Check if swap backing store is full
#   Use 64 bit Java on a 64 bit OS
#   Decrease Java heap size (-Xmx/-Xms)
#   Decrease number of Java threads
#   Decrease Java thread stack sizes (-Xss)
#   Set larger code cache with -XX:ReservedCodeCacheSize=
# This output file may be truncated or incomplete.
#
#  Out of Memory Error (os_linux.cpp:2627), pid=4039, tid=140602681079552
#
# JRE version: Java(TM) SE Runtime Environment (8.0_91-b14) (build 1.8.0_91-b14)
# Java VM: Java HotSpot(TM) 64-Bit Server VM (25.91-b14 mixed mode linux-amd64 compressed oops)
# Failed to write core dump. Core dumps have been disabled. To enable core dumping, try "ulimit -c unlimited" before starting Java again
#

---------------  T H R E A D  ---------------

Current thread (0x00007fe0b0078000):  VMThread [stack: 0x00007fe09ccc3000,0x00007fe09cdc4000] [id=4049]

Stack: [0x00007fe09ccc3000,0x00007fe09cdc4000],  sp=0x00007fe09cdc2160,  free space=1020k
Native frames: (J=compiled Java code, j=interpreted, Vv=VM code, C=native code)
V  [libjvm.so+0xabc18a]  VMError::report_and_die()+0x2ba
V  [libjvm.so+0x4fafeb]  report_vm_out_of_memory(char const*, int, unsigned long, VMErrorType, char const*)+0x8b
V  [libjvm.so+0x91cbb3]  os::Linux::commit_memory_impl(char*, unsigned long, bool)+0x103
V  [libjvm.so+0x91d109]  os::pd_commit_memory(char*, unsigned long, unsigned long, bool)+0x29
V  [libjvm.so+0x91740a]  os::commit_memory(char*, unsigned long, unsigned long, bool)+0x2a
V  [libjvm.so+0x98b033]  PSVirtualSpace::expand_by(unsigned long)+0x53
V  [libjvm.so+0x98c438]  PSYoungGen::resize_generation(unsigned long, unsigned long)+0xf8
V  [libjvm.so+0x98b592]  PSYoungGen::resize(unsigned long, unsigned long)+0x22
V  [libjvm.so+0x98886b]  PSScavenge::invoke_no_policy()+0xf3b
V  [libjvm.so+0x988ff1]  PSScavenge::invoke()+0x41
V  [libjvm.so+0x9408b0]  ParallelScavengeHeap::failed_mem_allocate(unsigned long)+0x70
V  [libjvm.so+0xabdba7]  VM_ParallelGCFailedAllocation::doit()+0x97
V  [libjvm.so+0xac55d5]  VM_Operation::evaluate()+0x55
V  [libjvm.so+0xac39aa]  VMThread::evaluate_operation(VM_Operation*)+0xba
V  [libjvm.so+0xac3d2e]  VMThread::loop()+0x1ce
V  [libjvm.so+0xac41a0]  VMThread::run()+0x70
V  [libjvm.so+0x91ef78]  java_start(Thread*)+0x108

VM_Operation (0x00007fe077af8e50): ParallelGCFailedAllocation, mode: safepoint, requested by thread 0x00007fe0b0176800


---------------  P R O C E S S  ---------------

Java Threads: ( => current thread )
  0x00007fe0b0179800 JavaThread "pool-1-thread-4" [_thread_blocked, id=4110, stack(0x00007fe0777f8000,0x00007fe0778f9000)]
  0x00007fe0b0178000 JavaThread "pool-1-thread-3" [_thread_blocked, id=4107, stack(0x00007fe0778f9000,0x00007fe0779fa000)]
  0x00007fe0b0176800 JavaThread "pool-1-thread-2" [_thread_blocked, id=4105, stack(0x00007fe0779fa000,0x00007fe077afb000)]
  0x00007fe0b0175000 JavaThread "pool-2-thread-1" [_thread_blocked, id=4104, stack(0x00007fe077afb000,0x00007fe077bfc000)]
  0x00007fe0b0172800 JavaThread "pool-1-thread-1" [_thread_blocked, id=4102, stack(0x00007fe077bfc000,0x00007fe077cfd000)]
  0x00007fe0b00c1800 JavaThread "Service Thread" daemon [_thread_blocked, id=4056, stack(0x00007fe077dfe000,0x00007fe077eff000)]
  0x00007fe0b00be800 JavaThread "C1 CompilerThread2" daemon [_thread_blocked, id=4055, stack(0x00007fe077eff000,0x00007fe078000000)]
  0x00007fe0b00bc800 JavaThread "C2 CompilerThread1" daemon [_thread_blocked, id=4054, stack(0x00007fe09c0db000,0x00007fe09c1dc000)]
  0x00007fe0b00b9800 JavaThread "C2 CompilerThread0" daemon [_thread_blocked, id=4053, stack(0x00007fe09c1dc000,0x00007fe09c2dd000)]
  0x00007fe0b00b8000 JavaThread "Signal Dispatcher" daemon [_thread_blocked, id=4052, stack(0x00007fe09c2dd000,0x00007fe09c3de000)]
  0x00007fe0b0084000 JavaThread "Finalizer" daemon [_thread_blocked, id=4051, stack(0x00007fe09cac1000,0x00007fe09cbc2000)]
  0x00007fe0b007f800 JavaThread "Reference Handler" daemon [_thread_blocked, id=4050, stack(0x00007fe09cbc2000,0x00007fe09ccc3000)]
  0x00007fe0b000a000 JavaThread "main" [_thread_blocked, id=4040, stack(0x00007fe0b7361000,0x00007fe0b7462000)]

Other Threads:
=>0x00007fe0b0078000 VMThread [stack: 0x00007fe09ccc3000,0x00007fe09cdc4000] [id=4049]
  0x00007fe0b00c4800 WatcherThread [stack: 0x00007fe077cfd000,0x00007fe077dfe000] [id=4057]

VM state:at safepoint (normal execution)

VM Mutex/Monitor currently owned by a thread:  ([mutex/lock_event])
[0x00007fe0b00064d0] Threads_lock - owner thread: 0x00007fe0b0078000
[0x00007fe0b00069d0] Heap_lock - owner thread: 0x00007fe0b0176800

Heap:
 PSYoungGen      total 97792K, used 3583K [0x00000000eab00000, 0x00000000f0e00000, 0x0000000100000000)
  eden space 94208K, 0% used [0x00000000eab00000,0x00000000eab00000,0x00000000f0700000)
  from space 3584K, 99% used [0x00000000f0700000,0x00000000f0a7fcf8,0x00000000f0a80000)
  to   space 3584K, 0% used [0x00000000f0a80000,0x00000000f0a80000,0x00000000f0e00000)
 ParOldGen       total 61440K, used 31318K [0x00000000c0000000, 0x00000000c3c00000, 0x00000000eab00000)
  object space 61440K, 50% used [0x00000000c0000000,0x00000000c1e95898,0x00000000c3c00000)
 Metaspace       used 6198K, capacity 7128K, committed 7424K, reserved 1056768K
  class space    used 614K, capacity 656K, committed 768K, reserved 1048576K

Card table byte_map: [0x00007fe0a0dff000,0x00007fe0a1000000] byte_map_base: 0x00007fe0a07ff000

Marking Bits: (ParMarkBitMap*) 0x00007fe0b683ed60
 Begin Bits: [0x00007fe09e9a6000, 0x00007fe09f9a6000)
 End Bits:   [0x00007fe09f9a6000, 0x00007fe0a09a6000)

Polling page: 0x00007fe0b7487000

CodeCache: size=245760Kb used=6116Kb max_used=6116Kb free=239643Kb
 bounds [0x00007fe0a1000000, 0x00007fe0a1600000, 0x00007fe0b0000000]
 total_blobs=1808 nmethods=1540 adapters=182
 compilation: enabled

Compilation events (10 events):
Event: 6.910 Thread 0x00007fe0b00be800 nmethod 1887 0x00007fe0a15f8910 code [0x00007fe0a15f8a60, 0x00007fe0a15f8b70]
Event: 6.910 Thread 0x00007fe0b00be800 1858       2       com.android.dx.cf.attrib.AttLocalVariableTable::<init> (8 bytes)
Event: 6.942 Thread 0x00007fe0b00be800 nmethod 1858 0x00007fe0a15f8bd0 code [0x00007fe0a15f8d40, 0x00007fe0a15f8ec8]
Event: 6.942 Thread 0x00007fe0b00be800 1904 %     3       com.android.dx.dex.code.RopTranslator::outputInstructions @ 19 (69 bytes)
Event: 7.138 Thread 0x00007fe0b00be800 nmethod 1904% 0x00007fe0a15f8f50 code [0x00007fe0a15f90e0, 0x00007fe0a15f95d8]
Event: 7.138 Thread 0x00007fe0b00be800 1903 %     3       com.android.dx.dex.code.BlockAddresses::setupArrays @ 13 (113 bytes)
Event: 7.140 Thread 0x00007fe0b00be800 nmethod 1903% 0x00007fe0a15f9850 code [0x00007fe0a15f9b20, 0x00007fe0a15fb5d8]
Event: 7.140 Thread 0x00007fe0b00be800 1902 %     3       com.android.dx.rop.code.LocalVariableExtractor::doit @ 8 (49 bytes)
Event: 7.140 Thread 0x00007fe0b00be800 nmethod 1902% 0x00007fe0a15fc450 code [0x00007fe0a15fc600, 0x00007fe0a15fcaf8]
Event: 7.140 Thread 0x00007fe0b00be800 1788       2       com.android.dx.cf.code.LocalVariableList::concat (97 bytes)

GC Heap History (9 events):
Event: 1.506 GC heap before
{Heap before GC invocations=1 (full 0):
 PSYoungGen      total 27136K, used 23552K [0x00000000eab00000, 0x00000000ec900000, 0x0000000100000000)
  eden space 23552K, 100% used [0x00000000eab00000,0x00000000ec200000,0x00000000ec200000)
  from space 3584K, 0% used [0x00000000ec580000,0x00000000ec580000,0x00000000ec900000)
  to   space 3584K, 0% used [0x00000000ec200000,0x00000000ec200000,0x00000000ec580000)
 ParOldGen       total 61440K, used 0K [0x00000000c0000000, 0x00000000c3c00000, 0x00000000eab00000)
  object space 61440K, 0% used [0x00000000c0000000,0x00000000c0000000,0x00000000c3c00000)
 Metaspace       used 5697K, capacity 6704K, committed 6784K, reserved 1056768K
  class space    used 593K, capacity 616K, committed 640K, reserved 1048576K
Event: 1.544 GC heap after
Heap after GC invocations=1 (full 0):
 PSYoungGen      total 27136K, used 3561K [0x00000000eab00000, 0x00000000ee000000, 0x0000000100000000)
  eden space 23552K, 0% used [0x00000000eab00000,0x00000000eab00000,0x00000000ec200000)
  from space 3584K, 99% used [0x00000000ec200000,0x00000000ec57a470,0x00000000ec580000)
  to   space 3584K, 0% used [0x00000000edc80000,0x00000000edc80000,0x00000000ee000000)
 ParOldGen       total 61440K, used 1383K [0x00000000c0000000, 0x00000000c3c00000, 0x00000000eab00000)
  object space 61440K, 2% used [0x00000000c0000000,0x00000000c0159fe8,0x00000000c3c00000)
 Metaspace       used 5697K, capacity 6704K, committed 6784K, reserved 1056768K
  class space    used 593K, capacity 616K, committed 640K, reserved 1048576K
}
Event: 2.920 GC heap before
{Heap before GC invocations=2 (full 0):
 PSYoungGen      total 27136K, used 27113K [0x00000000eab00000, 0x00000000ee000000, 0x0000000100000000)
  eden space 23552K, 100% used [0x00000000eab00000,0x00000000ec200000,0x00000000ec200000)
  from space 3584K, 99% used [0x00000000ec200000,0x00000000ec57a470,0x00000000ec580000)
  to   space 3584K, 0% used [0x00000000edc80000,0x00000000edc80000,0x00000000ee000000)
 ParOldGen       total 61440K, used 1383K [0x00000000c0000000, 0x00000000c3c00000, 0x00000000eab00000)
  object space 61440K, 2% used [0x00000000c0000000,0x00000000c0159fe8,0x00000000c3c00000)
 Metaspace       used 5890K, capacity 6896K, committed 7040K, reserved 1056768K
  class space    used 593K, capacity 616K, committed 640K, reserved 1048576K
Event: 2.960 GC heap after
Heap after GC invocations=2 (full 0):
 PSYoungGen      total 50688K, used 3567K [0x00000000eab00000, 0x00000000ee000000, 0x0000000100000000)
  eden space 47104K, 0% used [0x00000000eab00000,0x00000000eab00000,0x00000000ed900000)
  from space 3584K, 99% used [0x00000000edc80000,0x00000000edffbe00,0x00000000ee000000)
  to   space 3584K, 0% used [0x00000000ed900000,0x00000000ed900000,0x00000000edc80000)
 ParOldGen       total 61440K, used 4332K [0x00000000c0000000, 0x00000000c3c00000, 0x00000000eab00000)
  object space 61440K, 7% used [0x00000000c0000000,0x00000000c043b0d0,0x00000000c3c00000)
 Metaspace       used 5890K, capacity 6896K, committed 7040K, reserved 1056768K
  class space    used 593K, capacity 616K, committed 640K, reserved 1048576K
}
Event: 4.486 GC heap before
{Heap before GC invocations=3 (full 0):
 PSYoungGen      total 50688K, used 50671K [0x00000000eab00000, 0x00000000ee000000, 0x0000000100000000)
  eden space 47104K, 100% used [0x00000000eab00000,0x00000000ed900000,0x00000000ed900000)
  from space 3584K, 99% used [0x00000000edc80000,0x00000000edffbe00,0x00000000ee000000)
  to   space 3584K, 0% used [0x00000000ed900000,0x00000000ed900000,0x00000000edc80000)
 ParOldGen       total 61440K, used 4332K [0x00000000c0000000, 0x00000000c3c00000, 0x00000000eab00000)
  object space 61440K, 7% used [0x00000000c0000000,0x00000000c043b0d0,0x00000000c3c00000)
 Metaspace       used 5967K, capacity 6960K, committed 7040K, reserved 1056768K
  class space    used 594K, capacity 616K, committed 640K, reserved 1048576K
Event: 4.603 GC heap after
Heap after GC invocations=3 (full 0):
 PSYoungGen      total 50688K, used 3556K [0x00000000eab00000, 0x00000000f0e00000, 0x0000000100000000)
  eden space 47104K, 0% used [0x00000000eab00000,0x00000000eab00000,0x00000000ed900000)
  from space 3584K, 99% used [0x00000000ed900000,0x00000000edc793a0,0x00000000edc80000)
  to   space 3584K, 0% used [0x00000000f0a80000,0x00000000f0a80000,0x00000000f0e00000)
 ParOldGen       total 61440K, used 11376K [0x00000000c0000000, 0x00000000c3c00000, 0x00000000eab00000)
  object space 61440K, 18% used [0x00000000c0000000,0x00000000c0b1c100,0x00000000c3c00000)
 Metaspace       used 5967K, capacity 6960K, committed 7040K, reserved 1056768K
  class space    used 594K, capacity 616K, committed 640K, reserved 1048576K
}
Event: 5.394 GC heap before
{Heap before GC invocations=4 (full 0):
 PSYoungGen      total 50688K, used 50660K [0x00000000eab00000, 0x00000000f0e00000, 0x0000000100000000)
  eden space 47104K, 100% used [0x00000000eab00000,0x00000000ed900000,0x00000000ed900000)
  from space 3584K, 99% used [0x00000000ed900000,0x00000000edc793a0,0x00000000edc80000)
  to   space 3584K, 0% used [0x00000000f0a80000,0x00000000f0a80000,0x00000000f0e00000)
 ParOldGen       total 61440K, used 11376K [0x00000000c0000000, 0x00000000c3c00000, 0x00000000eab00000)
  object space 61440K, 18% used [0x00000000c0000000,0x00000000c0b1c100,0x00000000c3c00000)
 Metaspace       used 5974K, capacity 6960K, committed 7040K, reserved 1056768K
  class space    used 594K, capacity 616K, committed 640K, reserved 1048576K
Event: 5.511 GC heap after
Heap after GC invocations=4 (full 0):
 PSYoungGen      total 97792K, used 3570K [0x00000000eab00000, 0x00000000f0e00000, 0x0000000100000000)
  eden space 94208K, 0% used [0x00000000eab00000,0x00000000eab00000,0x00000000f0700000)
  from space 3584K, 99% used [0x00000000f0a80000,0x00000000f0dfcbb0,0x00000000f0e00000)
  to   space 3584K, 0% used [0x00000000f0700000,0x00000000f0700000,0x00000000f0a80000)
 ParOldGen       total 61440K, used 18385K [0x00000000c0000000, 0x00000000c3c00000, 0x00000000eab00000)
  object space 61440K, 29% used [0x00000000c0000000,0x00000000c11f47a0,0x00000000c3c00000)
 Metaspace       used 5974K, capacity 6960K, committed 7040K, reserved 1056768K
  class space    used 594K, capacity 616K, committed 640K, reserved 1048576K
}
Event: 7.159 GC heap before
{Heap before GC invocations=5 (full 0):
 PSYoungGen      total 97792K, used 97778K [0x00000000eab00000, 0x00000000f0e00000, 0x0000000100000000)
  eden space 94208K, 100% used [0x00000000eab00000,0x00000000f0700000,0x00000000f0700000)
  from space 3584K, 99% used [0x00000000f0a80000,0x00000000f0dfcbb0,0x00000000f0e00000)
  to   space 3584K, 0% used [0x00000000f0700000,0x00000000f0700000,0x00000000f0a80000)
 ParOldGen       total 61440K, used 18385K [0x00000000c0000000, 0x00000000c3c00000, 0x00000000eab00000)
  object space 61440K, 29% used [0x00000000c0000000,0x00000000c11f47a0,0x00000000c3c00000)
 Metaspace       used 6198K, capacity 7128K, committed 7424K, reserved 1056768K
  class space    used 614K, capacity 656K, committed 768K, reserved 1048576K

Deoptimization events (10 events):
Event: 1.829 Thread 0x00007fe0b0178000 Uncommon trap: reason=unstable_if action=reinterpret pc=0x00007fe0a1235be4 method=com.android.dx.rop.code.RegisterSpec.equals(ILcom/android/dx/rop/type/TypeBearer;Lcom/android/dx/rop/code/LocalItem;)Z @ 42
Event: 2.688 Thread 0x00007fe0b000a000 Uncommon trap: reason=unstable_if action=reinterpret pc=0x00007fe0a11ff41c method=com.android.dx.rop.cst.Constant.compareTo(Lcom/android/dx/rop/cst/Constant;)I @ 12
Event: 4.612 Thread 0x00007fe0b0172800 Uncommon trap: reason=unstable_if action=reinterpret pc=0x00007fe0a1340c44 method=com.android.dx.util.IntList.binarysearch(I)I @ 105
Event: 4.621 Thread 0x00007fe0b000a000 Uncommon trap: reason=unstable_if action=reinterpret pc=0x00007fe0a1307d3c method=com.android.dx.ssa.SsaMethod.updateOneDefinition(Lcom/android/dx/ssa/SsaInsn;Lcom/android/dx/rop/code/RegisterSpec;)V @ 4
Event: 5.549 Thread 0x00007fe0b0176800 Uncommon trap: reason=unstable_if action=reinterpret pc=0x00007fe0a14e6ccc method=com.android.dx.ssa.SCCP.simulateStmt(Lcom/android/dx/ssa/SsaInsn;)V @ 53
Event: 5.803 Thread 0x00007fe0b000a000 Uncommon trap: reason=unstable_if action=reinterpret pc=0x00007fe0a12a67fc method=java.util.HashMap.putVal(ILjava/lang/Object;Ljava/lang/Object;ZZ)Ljava/lang/Object; @ 162
Event: 5.843 Thread 0x00007fe0b0176800 Uncommon trap: reason=unstable_if action=reinterpret pc=0x00007fe0a14faeac method=com.android.dx.ssa.SCCP.simulateBranch(Lcom/android/dx/ssa/SsaInsn;)V @ 64
Event: 5.905 Thread 0x00007fe0b000a000 Uncommon trap: reason=unstable_if action=reinterpret pc=0x00007fe0a121f434 method=java.util.HashMap.getNode(ILjava/lang/Object;)Ljava/util/HashMap$Node; @ 84
Event: 5.998 Thread 0x00007fe0b000a000 Uncommon trap: reason=unstable_if action=reinterpret pc=0x00007fe0a1510744 method=java.util.HashMap.putVal(ILjava/lang/Object;Ljava/lang/Object;ZZ)Ljava/lang/Object; @ 162
Event: 6.551 Thread 0x00007fe0b000a000 Uncommon trap: reason=unstable_if action=reinterpret pc=0x00007fe0a1543dc0 method=com.android.dx.ssa.MoveParamCombiner$1.visitNonMoveInsn(Lcom/android/dx/ssa/NormalSsaInsn;)V @ 27

Internal exceptions (5 events):
Event: 0.123 Thread 0x00007fe0b000a000 Exception <a 'java/lang/NoSuchMethodError': Method sun.misc.Unsafe.defineClass(Ljava/lang/String;[BII)Ljava/lang/Class; name or signature does not match> (0x00000000eab07cc0) thrown at [/HUDSON/workspace/8-2-build-linux-amd64/jdk8u91/6644/hotspot/src/shar
Event: 0.123 Thread 0x00007fe0b000a000 Exception <a 'java/lang/NoSuchMethodError': Method sun.misc.Unsafe.prefetchRead(Ljava/lang/Object;J)V name or signature does not match> (0x00000000eab07fa8) thrown at [/HUDSON/workspace/8-2-build-linux-amd64/jdk8u91/6644/hotspot/src/share/vm/prims/jni.cpp
Event: 5.805 Thread 0x00007fe0b000a000 Exception <a 'java/lang/ArrayIndexOutOfBoundsException': 18> (0x00000000ec3d7f68) thrown at [/HUDSON/workspace/8-2-build-linux-amd64/jdk8u91/6644/hotspot/src/share/vm/interpreter/interpreterRuntime.cpp, line 366]
Event: 5.805 Thread 0x00007fe0b000a000 Exception <a 'java/lang/ArrayIndexOutOfBoundsException': 145> (0x00000000ec3d9ae8) thrown at [/HUDSON/workspace/8-2-build-linux-amd64/jdk8u91/6644/hotspot/src/share/vm/interpreter/interpreterRuntime.cpp, line 366]
Event: 5.840 Thread 0x00007fe0b000a000 Exception <a 'java/lang/ArrayIndexOutOfBoundsException': 40> (0x00000000ec3dadd0) thrown at [/HUDSON/workspace/8-2-build-linux-amd64/jdk8u91/6644/hotspot/src/share/vm/interpreter/interpreterRuntime.cpp, line 366]

Events (10 events):
Event: 6.828 Thread 0x00007fe0b0179800 DEOPT UNPACKING pc=0x00007fe0a1047633 sp=0x00007fe0778f6838 mode 0
Event: 6.829 Thread 0x00007fe0b0179800 DEOPT PACKING pc=0x00007fe0a12ca82d sp=0x00007fe0778f6ba0
Event: 6.829 Thread 0x00007fe0b0179800 DEOPT UNPACKING pc=0x00007fe0a1047633 sp=0x00007fe0778f6928 mode 0
Event: 6.868 Thread 0x00007fe0b0176800 DEOPT PACKING pc=0x00007fe0a12ca82d sp=0x00007fe077af8ea0
Event: 6.868 Thread 0x00007fe0b0176800 DEOPT UNPACKING pc=0x00007fe0a1047633 sp=0x00007fe077af8c28 mode 0
Event: 6.876 Thread 0x00007fe0b0176800 DEOPT PACKING pc=0x00007fe0a144511c sp=0x00007fe077af9050
Event: 6.876 Thread 0x00007fe0b0176800 DEOPT UNPACKING pc=0x00007fe0a1047633 sp=0x00007fe077af8d98 mode 0
Event: 6.938 Thread 0x00007fe0b0178000 DEOPT PACKING pc=0x00007fe0a12812a6 sp=0x00007fe0779f79e0
Event: 6.938 Thread 0x00007fe0b0178000 DEOPT UNPACKING pc=0x00007fe0a1047633 sp=0x00007fe0779f7748 mode 0
Event: 7.152 Executing VM operation: ParallelGCFailedAllocation


Dynamic libraries:
00400000-00401000 r-xp 00000000 08:01 3941548                            /usr/lib/jvm/java-8-oracle/bin/java
00600000-00601000 rw-p 00000000 08:01 3941548                            /usr/lib/jvm/java-8-oracle/bin/java
014a8000-014c9000 rw-p 00000000 00:00 0                                  [heap]
c0000000-c3c00000 rw-p 00000000 00:00 0 
c3c00000-eab00000 ---p 00000000 00:00 0 
eab00000-f0e00000 rw-p 00000000 00:00 0 
f8600000-100000000 ---p 00000000 00:00 0 
100000000-1000c0000 rw-p 00000000 00:00 0 
1000c0000-140000000 ---p 00000000 00:00 0 
7fe050000000-7fe050021000 rw-p 00000000 00:00 0 
7fe050021000-7fe054000000 ---p 00000000 00:00 0 
7fe054000000-7fe054021000 rw-p 00000000 00:00 0 
7fe054021000-7fe058000000 ---p 00000000 00:00 0 
7fe058000000-7fe058021000 rw-p 00000000 00:00 0 
7fe058021000-7fe05c000000 ---p 00000000 00:00 0 
7fe05c000000-7fe05c021000 rw-p 00000000 00:00 0 
7fe05c021000-7fe060000000 ---p 00000000 00:00 0 
7fe060000000-7fe060021000 rw-p 00000000 00:00 0 
7fe060021000-7fe064000000 ---p 00000000 00:00 0 
7fe064000000-7fe06402b000 rw-p 00000000 00:00 0 
7fe06402b000-7fe068000000 ---p 00000000 00:00 0 
7fe068000000-7fe068940000 rw-p 00000000 00:00 0 
7fe068940000-7fe06c000000 ---p 00000000 00:00 0 
7fe06c000000-7fe06c021000 rw-p 00000000 00:00 0 
7fe06c021000-7fe070000000 ---p 00000000 00:00 0 
7fe070000000-7fe070816000 rw-p 00000000 00:00 0 
7fe070816000-7fe074000000 ---p 00000000 00:00 0 
7fe0777f8000-7fe0777fb000 ---p 00000000 00:00 0 
7fe0777fb000-7fe0778f9000 rw-p 00000000 00:00 0                          [stack:4110]
7fe0778f9000-7fe0778fc000 ---p 00000000 00:00 0 
7fe0778fc000-7fe0779fa000 rw-p 00000000 00:00 0                          [stack:4107]
7fe0779fa000-7fe0779fd000 ---p 00000000 00:00 0 
7fe0779fd000-7fe077afb000 rw-p 00000000 00:00 0                          [stack:4105]
7fe077afb000-7fe077afe000 ---p 00000000 00:00 0 
7fe077afe000-7fe077bfc000 rw-p 00000000 00:00 0                          [stack:4104]
7fe077bfc000-7fe077bff000 ---p 00000000 00:00 0 
7fe077bff000-7fe077cfd000 rw-p 00000000 00:00 0                          [stack:4102]
7fe077cfd000-7fe077cfe000 ---p 00000000 00:00 0 
7fe077cfe000-7fe077dfe000 rw-p 00000000 00:00 0                          [stack:4057]
7fe077dfe000-7fe077e01000 ---p 00000000 00:00 0 
7fe077e01000-7fe077eff000 rw-p 00000000 00:00 0                          [stack:4056]
7fe077eff000-7fe077f02000 ---p 00000000 00:00 0 
7fe077f02000-7fe078000000 rw-p 00000000 00:00 0                          [stack:4055]
7fe078000000-7fe078021000 rw-p 00000000 00:00 0 
7fe078021000-7fe07c000000 ---p 00000000 00:00 0 
7fe07c000000-7fe07c7d1000 rw-p 00000000 00:00 0 
7fe07c7d1000-7fe080000000 ---p 00000000 00:00 0 
7fe080000000-7fe080021000 rw-p 00000000 00:00 0 
7fe080021000-7fe084000000 ---p 00000000 00:00 0 
7fe084000000-7fe084021000 rw-p 00000000 00:00 0 
7fe084021000-7fe088000000 ---p 00000000 00:00 0 
7fe088000000-7fe088021000 rw-p 00000000 00:00 0 
7fe088021000-7fe08c000000 ---p 00000000 00:00 0 
7fe08c000000-7fe08c294000 rw-p 00000000 00:00 0 
7fe08c294000-7fe090000000 ---p 00000000 00:00 0 
7fe090000000-7fe09002a000 rw-p 00000000 00:00 0 
7fe09002a000-7fe094000000 ---p 00000000 00:00 0 
7fe094000000-7fe094021000 rw-p 00000000 00:00 0 
7fe094021000-7fe098000000 ---p 00000000 00:00 0 
7fe098000000-7fe098021000 rw-p 00000000 00:00 0 
7fe098021000-7fe09c000000 ---p 00000000 00:00 0 
7fe09c0c4000-7fe09c0cd000 r--s 0008c000 08:01 1323390                    /home/taher/malProject/Maak_X_AlSeka/app/build/intermediates/exploded-aar/com.android.support/appcompat-v7/23.4.0/jars/classes.jar
7fe09c0cd000-7fe09c0db000 r--s 000e0000 08:01 1718598                    /home/taher/Android/Sdk/build-tools/24.0.0/lib/dx.jar
7fe09c0db000-7fe09c0de000 ---p 00000000 00:00 0 
7fe09c0de000-7fe09c1dc000 rw-p 00000000 00:00 0                          [stack:4054]
7fe09c1dc000-7fe09c1df000 ---p 00000000 00:00 0 
7fe09c1df000-7fe09c2dd000 rw-p 00000000 00:00 0                          [stack:4053]
7fe09c2dd000-7fe09c2e0000 ---p 00000000 00:00 0 
7fe09c2e0000-7fe09c3de000 rw-p 00000000 00:00 0                          [stack:4052]
7fe09c3de000-7fe09cac1000 r--p 00000000 08:01 3677197                    /usr/lib/locale/locale-archive
7fe09cac1000-7fe09cac4000 ---p 00000000 00:00 0 
7fe09cac4000-7fe09cbc2000 rw-p 00000000 00:00 0                          [stack:4051]
7fe09cbc2000-7fe09cbc5000 ---p 00000000 00:00 0 
7fe09cbc5000-7fe09ccc3000 rw-p 00000000 00:00 0                          [stack:4050]
7fe09ccc3000-7fe09ccc4000 ---p 00000000 00:00 0 
7fe09ccc4000-7fe09dd57000 rw-p 00000000 00:00 0                          [stack:4049]
7fe09dd57000-7fe09df30000 r--s 03d1f000 08:01 3940085                    /usr/lib/jvm/java-8-oracle/jre/lib/rt.jar
7fe09df30000-7fe09e626000 rw-p 00000000 00:00 0 
7fe09e626000-7fe09e7a6000 ---p 00000000 00:00 0 
7fe09e7a6000-7fe0a09a6000 rw-p 00000000 00:00 0 
7fe0a09a6000-7fe0a09a7000 ---p 00000000 00:00 0 
7fe0a09a7000-7fe0a0aa7000 rw-p 00000000 00:00 0                          [stack:4048]
7fe0a0aa7000-7fe0a0aa8000 ---p 00000000 00:00 0 
7fe0a0aa8000-7fe0a0ba8000 rw-p 00000000 00:00 0                          [stack:4046]
7fe0a0ba8000-7fe0a0ba9000 ---p 00000000 00:00 0 
7fe0a0ba9000-7fe0a0cc7000 rw-p 00000000 00:00 0                          [stack:4044]
7fe0a0cc7000-7fe0a0dff000 ---p 00000000 00:00 0 
7fe0a0dff000-7fe0a0e1d000 rw-p 00000000 00:00 0 
7fe0a0e1d000-7fe0a0f54000 ---p 00000000 00:00 0 
7fe0a0f54000-7fe0a0f86000 rw-p 00000000 00:00 0 
7fe0a0f86000-7fe0a0fff000 ---p 00000000 00:00 0 
7fe0a0fff000-7fe0a1000000 rw-p 00000000 00:00 0 
7fe0a1000000-7fe0a1600000 rwxp 00000000 00:00 0 
7fe0a1600000-7fe0b0000000 ---p 00000000 00:00 0 
7fe0b0000000-7fe0b038d000 rw-p 00000000 00:00 0 
7fe0b038d000-7fe0b4000000 ---p 00000000 00:00 0 
7fe0b4007000-7fe0b4028000 rw-p 00000000 00:00 0 
7fe0b4028000-7fe0b4029000 ---p 00000000 00:00 0 
7fe0b4029000-7fe0b4141000 rw-p 00000000 00:00 0                          [stack:4043]
7fe0b4141000-7fe0b44e9000 ---p 00000000 00:00 0 
7fe0b44e9000-7fe0b4503000 r-xp 00000000 08:01 3940178                    /usr/lib/jvm/java-8-oracle/jre/lib/amd64/libzip.so
7fe0b4503000-7fe0b4703000 ---p 0001a000 08:01 3940178                    /usr/lib/jvm/java-8-oracle/jre/lib/amd64/libzip.so
7fe0b4703000-7fe0b4704000 rw-p 0001a000 08:01 3940178                    /usr/lib/jvm/java-8-oracle/jre/lib/amd64/libzip.so
7fe0b4704000-7fe0b470e000 r-xp 00000000 08:01 135441                     /lib/x86_64-linux-gnu/libnss_files-2.19.so
7fe0b470e000-7fe0b490d000 ---p 0000a000 08:01 135441                     /lib/x86_64-linux-gnu/libnss_files-2.19.so
7fe0b490d000-7fe0b490e000 r--p 00009000 08:01 135441                     /lib/x86_64-linux-gnu/libnss_files-2.19.so
7fe0b490e000-7fe0b490f000 rw-p 0000a000 08:01 135441                     /lib/x86_64-linux-gnu/libnss_files-2.19.so
7fe0b490f000-7fe0b491a000 r-xp 00000000 08:01 135433                     /lib/x86_64-linux-gnu/libnss_nis-2.19.so
7fe0b491a000-7fe0b4b19000 ---p 0000b000 08:01 135433                     /lib/x86_64-linux-gnu/libnss_nis-2.19.so
7fe0b4b19000-7fe0b4b1a000 r--p 0000a000 08:01 135433                     /lib/x86_64-linux-gnu/libnss_nis-2.19.so
7fe0b4b1a000-7fe0b4b1b000 rw-p 0000b000 08:01 135433                     /lib/x86_64-linux-gnu/libnss_nis-2.19.so
7fe0b4b1b000-7fe0b4b32000 r-xp 00000000 08:01 135429                     /lib/x86_64-linux-gnu/libnsl-2.19.so
7fe0b4b32000-7fe0b4d31000 ---p 00017000 08:01 135429                     /lib/x86_64-linux-gnu/libnsl-2.19.so
7fe0b4d31000-7fe0b4d32000 r--p 00016000 08:01 135429                     /lib/x86_64-linux-gnu/libnsl-2.19.so
7fe0b4d32000-7fe0b4d33000 rw-p 00017000 08:01 135429                     /lib/x86_64-linux-gnu/libnsl-2.19.so
7fe0b4d33000-7fe0b4d35000 rw-p 00000000 00:00 0 
7fe0b4d35000-7fe0b4d3e000 r-xp 00000000 08:01 135428                     /lib/x86_64-linux-gnu/libnss_compat-2.19.so
7fe0b4d3e000-7fe0b4f3d000 ---p 00009000 08:01 135428                     /lib/x86_64-linux-gnu/libnss_compat-2.19.so
7fe0b4f3d000-7fe0b4f3e000 r--p 00008000 08:01 135428                     /lib/x86_64-linux-gnu/libnss_compat-2.19.so
7fe0b4f3e000-7fe0b4f3f000 rw-p 00009000 08:01 135428                     /lib/x86_64-linux-gnu/libnss_compat-2.19.so
7fe0b4f3f000-7fe0b4f69000 r-xp 00000000 08:01 3940180                    /usr/lib/jvm/java-8-oracle/jre/lib/amd64/libjava.so
7fe0b4f69000-7fe0b5169000 ---p 0002a000 08:01 3940180                    /usr/lib/jvm/java-8-oracle/jre/lib/amd64/libjava.so
7fe0b5169000-7fe0b516b000 rw-p 0002a000 08:01 3940180                    /usr/lib/jvm/java-8-oracle/jre/lib/amd64/libjava.so
7fe0b516b000-7fe0b5178000 r-xp 00000000 08:01 3940138                    /usr/lib/jvm/java-8-oracle/jre/lib/amd64/libverify.so
7fe0b5178000-7fe0b5378000 ---p 0000d000 08:01 3940138                    /usr/lib/jvm/java-8-oracle/jre/lib/amd64/libverify.so
7fe0b5378000-7fe0b537a000 rw-p 0000d000 08:01 3940138                    /usr/lib/jvm/java-8-oracle/jre/lib/amd64/libverify.so
7fe0b537a000-7fe0b5381000 r-xp 00000000 08:01 135437                     /lib/x86_64-linux-gnu/librt-2.19.so
7fe0b5381000-7fe0b5580000 ---p 00007000 08:01 135437                     /lib/x86_64-linux-gnu/librt-2.19.so
7fe0b5580000-7fe0b5581000 r--p 00006000 08:01 135437                     /lib/x86_64-linux-gnu/librt-2.19.so
7fe0b5581000-7fe0b5582000 rw-p 00007000 08:01 135437                     /lib/x86_64-linux-gnu/librt-2.19.so
7fe0b5582000-7fe0b5687000 r-xp 00000000 08:01 135423                     /lib/x86_64-linux-gnu/libm-2.19.so
7fe0b5687000-7fe0b5886000 ---p 00105000 08:01 135423                     /lib/x86_64-linux-gnu/libm-2.19.so
7fe0b5886000-7fe0b5887000 r--p 00104000 08:01 135423                     /lib/x86_64-linux-gnu/libm-2.19.so
7fe0b5887000-7fe0b5888000 rw-p 00105000 08:01 135423                     /lib/x86_64-linux-gnu/libm-2.19.so
7fe0b5888000-7fe0b6548000 r-xp 00000000 08:01 3940148                    /usr/lib/jvm/java-8-oracle/jre/lib/amd64/server/libjvm.so
7fe0b6548000-7fe0b6748000 ---p 00cc0000 08:01 3940148                    /usr/lib/jvm/java-8-oracle/jre/lib/amd64/server/libjvm.so
7fe0b6748000-7fe0b6820000 rw-p 00cc0000 08:01 3940148                    /usr/lib/jvm/java-8-oracle/jre/lib/amd64/server/libjvm.so
7fe0b6820000-7fe0b686b000 rw-p 00000000 00:00 0 
7fe0b686b000-7fe0b6a25000 r-xp 00000000 08:01 135438                     /lib/x86_64-linux-gnu/libc-2.19.so
7fe0b6a25000-7fe0b6c25000 ---p 001ba000 08:01 135438                     /lib/x86_64-linux-gnu/libc-2.19.so
7fe0b6c25000-7fe0b6c29000 r--p 001ba000 08:01 135438                     /lib/x86_64-linux-gnu/libc-2.19.so
7fe0b6c29000-7fe0b6c2b000 rw-p 001be000 08:01 135438                     /lib/x86_64-linux-gnu/libc-2.19.so
7fe0b6c2b000-7fe0b6c30000 rw-p 00000000 00:00 0 
7fe0b6c30000-7fe0b6c33000 r-xp 00000000 08:01 135425                     /lib/x86_64-linux-gnu/libdl-2.19.so
7fe0b6c33000-7fe0b6e32000 ---p 00003000 08:01 135425                     /lib/x86_64-linux-gnu/libdl-2.19.so
7fe0b6e32000-7fe0b6e33000 r--p 00002000 08:01 135425                     /lib/x86_64-linux-gnu/libdl-2.19.so
7fe0b6e33000-7fe0b6e34000 rw-p 00003000 08:01 135425                     /lib/x86_64-linux-gnu/libdl-2.19.so
7fe0b6e34000-7fe0b6e49000 r-xp 00000000 08:01 3941495                    /usr/lib/jvm/java-8-oracle/lib/amd64/jli/libjli.so
7fe0b6e49000-7fe0b7049000 ---p 00015000 08:01 3941495                    /usr/lib/jvm/java-8-oracle/lib/amd64/jli/libjli.so
7fe0b7049000-7fe0b704a000 rw-p 00015000 08:01 3941495                    /usr/lib/jvm/java-8-oracle/lib/amd64/jli/libjli.so
7fe0b704a000-7fe0b7063000 r-xp 00000000 08:01 135430                     /lib/x86_64-linux-gnu/libpthread-2.19.so
7fe0b7063000-7fe0b7262000 ---p 00019000 08:01 135430                     /lib/x86_64-linux-gnu/libpthread-2.19.so
7fe0b7262000-7fe0b7263000 r--p 00018000 08:01 135430                     /lib/x86_64-linux-gnu/libpthread-2.19.so
7fe0b7263000-7fe0b7264000 rw-p 00019000 08:01 135430                     /lib/x86_64-linux-gnu/libpthread-2.19.so
7fe0b7264000-7fe0b7268000 rw-p 00000000 00:00 0 
7fe0b7268000-7fe0b728b000 r-xp 00000000 08:01 135431                     /lib/x86_64-linux-gnu/ld-2.19.so
7fe0b728f000-7fe0b7361000 rw-p 00000000 00:00 0 
7fe0b7361000-7fe0b7364000 ---p 00000000 00:00 0 
7fe0b7364000-7fe0b7466000 rw-p 00000000 00:00 0                          [stack:4040]
7fe0b7469000-7fe0b747e000 rw-p 00000000 00:00 0 
7fe0b747e000-7fe0b7486000 rw-s 00000000 08:01 803862                     /tmp/hsperfdata_taher/4039
7fe0b7486000-7fe0b7487000 rw-p 00000000 00:00 0 
7fe0b7487000-7fe0b7488000 ---p 00000000 00:00 0 
7fe0b7488000-7fe0b748a000 rw-p 00000000 00:00 0 
7fe0b748a000-7fe0b748b000 r--p 00022000 08:01 135431                     /lib/x86_64-linux-gnu/ld-2.19.so
7fe0b748b000-7fe0b748c000 rw-p 00023000 08:01 135431                     /lib/x86_64-linux-gnu/ld-2.19.so
7fe0b748c000-7fe0b748d000 rw-p 00000000 00:00 0 
7ffe7a17f000-7ffe7a1a0000 rw-p 00000000 00:00 0                          [stack]
7ffe7a1ae000-7ffe7a1b0000 r-xp 00000000 00:00 0                          [vdso]
ffffffffff600000-ffffffffff601000 r-xp 00000000 00:00 0                  [vsyscall]

VM Arguments:
jvm_args: -Djava.awt.headless=true -Xmx1024M -Dfile.encoding=UTF-8 -Duser.country=US -Duser.language=en -Duser.variant 
java_command: com.android.dx.command.Main --dex --num-threads=4 --output /home/taher/malProject/Maak_X_AlSeka/app/build/intermediates/pre-dexed/debug/com.android.support-appcompat-v7-23.4.0_17a292042058d8f46a5c9466dd5bd25b8ca50b63.jar /home/taher/malProject/Maak_X_AlSeka/app/build/intermediates/exploded-aar/com.android.support/appcompat-v7/23.4.0/jars/classes.jar
java_class_path (initial): /home/taher/Android/Sdk/build-tools/24.0.0/lib/dx.jar
Launcher Type: SUN_STANDARD

Environment Variables:
JAVA_HOME=/usr/lib/jvm/java-8-oracle
PATH=/home/taher/bin:/usr/local/sbin:/usr/local/bin:/usr/sbin:/usr/bin:/sbin:/bin:/usr/games:/usr/local/games:/usr/lib/jvm/java-8-oracle/bin:/usr/lib/jvm/java-8-oracle/db/bin:/usr/lib/jvm/java-8-oracle/jre/bin
SHELL=/bin/bash
DISPLAY=:0

Signal Handlers:
SIGSEGV: [libjvm.so+0xabca10], sa_mask[0]=11111111011111111101111111111110, sa_flags=SA_RESTART|SA_SIGINFO
SIGBUS: [libjvm.so+0xabca10], sa_mask[0]=11111111011111111101111111111110, sa_flags=SA_RESTART|SA_SIGINFO
SIGFPE: [libjvm.so+0x919a20], sa_mask[0]=11111111011111111101111111111110, sa_flags=SA_RESTART|SA_SIGINFO
SIGPIPE: [libjvm.so+0x919a20], sa_mask[0]=11111111011111111101111111111110, sa_flags=SA_RESTART|SA_SIGINFO
SIGXFSZ: [libjvm.so+0x919a20], sa_mask[0]=11111111011111111101111111111110, sa_flags=SA_RESTART|SA_SIGINFO
SIGILL: [libjvm.so+0x919a20], sa_mask[0]=11111111011111111101111111111110, sa_flags=SA_RESTART|SA_SIGINFO
SIGUSR1: SIG_DFL, sa_mask[0]=00000000000000000000000000000000, sa_flags=none
SIGUSR2: [libjvm.so+0x91b050], sa_mask[0]=00100000000000000000000000000000, sa_flags=SA_RESTART|SA_SIGINFO
SIGHUP: [libjvm.so+0x91c450], sa_mask[0]=11111111011111111101111111111110, sa_flags=SA_RESTART|SA_SIGINFO
SIGINT: [libjvm.so+0x91c450], sa_mask[0]=11111111011111111101111111111110, sa_flags=SA_RESTART|SA_SIGINFO
SIGTERM: [libjvm.so+0x91c450], sa_mask[0]=11111111011111111101111111111110, sa_flags=SA_RESTART|SA_SIGINFO
SIGQUIT: [libjvm.so+0x91c450], sa_mask[0]=11111111011111111101111111111110, sa_flags=SA_RESTART|SA_SIGINFO


---------------  S Y S T E M  ---------------

OS:DISTRIB_ID=Ubuntu
DISTRIB_RELEASE=14.04
DISTRIB_CODENAME=trusty
DISTRIB_DESCRIPTION="Ubuntu 14.04 LTS"

uname:Linux 3.13.0-98-generic #145-Ubuntu SMP Sat Oct 8 20:13:07 UTC 2016 x86_64
libc:glibc 2.19 NPTL 2.19 
rlimit: STACK 8192k, CORE 0k, NPROC 45651, NOFILE 4096, AS infinity
load average:9.02 5.16 2.32

/proc/meminfo:
MemTotal:        5864944 kB
MemFree:          139764 kB
Buffers:             812 kB
Cached:           469464 kB
SwapCached:            0 kB
Active:          5095316 kB
Inactive:         434716 kB
Active(anon):    5065160 kB
Inactive(anon):   405952 kB
Active(file):      30156 kB
Inactive(file):    28764 kB
Unevictable:         100 kB
Mlocked:             100 kB
SwapTotal:             0 kB
SwapFree:              0 kB
Dirty:             10656 kB
Writeback:             0 kB
AnonPages:       5060684 kB
Mapped:           113708 kB
Shmem:            410628 kB
Slab:              72176 kB
SReclaimable:      30876 kB
SUnreclaim:        41300 kB
KernelStack:        6144 kB
PageTables:        38232 kB
NFS_Unstable:          0 kB
Bounce:                0 kB
WritebackTmp:          0 kB
CommitLimit:     2932472 kB
Committed_AS:    9498648 kB
VmallocTotal:   34359738367 kB
VmallocUsed:      605416 kB
VmallocChunk:   34359118752 kB
HardwareCorrupted:     0 kB
AnonHugePages:   2652160 kB
HugePages_Total:       0
HugePages_Free:        0
HugePages_Rsvd:        0
HugePages_Surp:        0
Hugepagesize:       2048 kB
DirectMap4k:       82688 kB
DirectMap2M:     3862528 kB
DirectMap1G:     2097152 kB


CPU:total 4 (2 cores per cpu, 2 threads per core) family 6 model 60 stepping 3, cmov, cx8, fxsr, mmx, sse, sse2, sse3, ssse3, sse4.1, sse4.2, popcnt, avx, avx2, aes, clmul, erms, lzcnt, ht, tsc, tscinvbit, bmi1, bmi2

/proc/cpuinfo:
processor	: 0
vendor_id	: GenuineIntel
cpu family	: 6
model		: 60
model name	: Intel(R) Core(TM) i5-4200M CPU @ 2.50GHz
stepping	: 3
microcode	: 0x9
cpu MHz		: 2501.000
cache size	: 3072 KB
physical id	: 0
siblings	: 4
core id		: 0
cpu cores	: 2
apicid		: 0
initial apicid	: 0
fpu		: yes
fpu_exception	: yes
cpuid level	: 13
wp		: yes
flags		: fpu vme de pse tsc msr pae mce cx8 apic sep mtrr pge mca cmov pat pse36 clflush dts acpi mmx fxsr sse sse2 ss ht tm pbe syscall nx pdpe1gb rdtscp lm constant_tsc arch_perfmon pebs bts rep_good nopl xtopology nonstop_tsc aperfmperf eagerfpu pni pclmulqdq dtes64 monitor ds_cpl vmx est tm2 ssse3 fma cx16 xtpr pdcm pcid sse4_1 sse4_2 movbe popcnt tsc_deadline_timer aes xsave avx f16c rdrand lahf_lm abm ida arat epb xsaveopt pln pts dtherm tpr_shadow vnmi flexpriority ept vpid fsgsbase tsc_adjust bmi1 avx2 smep bmi2 erms invpcid
bogomips	: 4987.88
clflush size	: 64
cache_alignment	: 64
address sizes	: 39 bits physical, 48 bits virtual
power management:

processor	: 1
vendor_id	: GenuineIntel
cpu family	: 6
model		: 60
model name	: Intel(R) Core(TM) i5-4200M CPU @ 2.50GHz
stepping	: 3
microcode	: 0x9
cpu MHz		: 2501.000
cache size	: 3072 KB
physical id	: 0
siblings	: 4
core id		: 0
cpu cores	: 2
apicid		: 1
initial apicid	: 1
fpu		: yes
fpu_exception	: yes
cpuid level	: 13
wp		: yes
flags		: fpu vme de pse tsc msr pae mce cx8 apic sep mtrr pge mca cmov pat pse36 clflush dts acpi mmx fxsr sse sse2 ss ht tm pbe syscall nx pdpe1gb rdtscp lm constant_tsc arch_perfmon pebs bts rep_good nopl xtopology nonstop_tsc aperfmperf eagerfpu pni pclmulqdq dtes64 monitor ds_cpl vmx est tm2 ssse3 fma cx16 xtpr pdcm pcid sse4_1 sse4_2 movbe popcnt tsc_deadline_timer aes xsave avx f16c rdrand lahf_lm abm ida arat epb xsaveopt pln pts dtherm tpr_shadow vnmi flexpriority ept vpid fsgsbase tsc_adjust bmi1 avx2 smep bmi2 erms invpcid
bogomips	: 4987.88
clflush size	: 64
cache_alignment	: 64
address sizes	: 39 bits physical, 48 bits virtual
power management:

processor	: 2
vendor_id	: GenuineIntel
cpu family	: 6
model		: 60
model name	: Intel(R) Core(TM) i5-4200M CPU @ 2.50GHz
stepping	: 3
microcode	: 0x9
cpu MHz		: 2501.000
cache size	: 3072 KB
physical id	: 0
siblings	: 4
core id		: 1
cpu cores	: 2
apicid		: 2
initial apicid	: 2
fpu		: yes
fpu_exception	: yes
cpuid level	: 13
wp		: yes
flags		: fpu vme de pse tsc msr pae mce cx8 apic sep mtrr pge mca cmov pat pse36 clflush dts acpi mmx fxsr sse sse2 ss ht tm pbe syscall nx pdpe1gb rdtscp lm constant_tsc arch_perfmon pebs bts rep_good nopl xtopology nonstop_tsc aperfmperf eagerfpu pni pclmulqdq dtes64 monitor ds_cpl vmx est tm2 ssse3 fma cx16 xtpr pdcm pcid sse4_1 sse4_2 movbe popcnt tsc_deadline_timer aes xsave avx f16c rdrand lahf_lm abm ida arat epb xsaveopt pln pts dtherm tpr_shadow vnmi flexpriority ept vpid fsgsbase tsc_adjust bmi1 avx2 smep bmi2 erms invpcid
bogomips	: 4987.88
clflush size	: 64
cache_alignment	: 64
address sizes	: 39 bits physical, 48 bits virtual
power management:

processor	: 3
vendor_id	: GenuineIntel
cpu family	: 6
model		: 60
model name	: Intel(R) Core(TM) i5-4200M CPU @ 2.50GHz
stepping	: 3
microcode	: 0x9
cpu MHz		: 2501.000
cache size	: 3072 KB
physical id	: 0
siblings	: 4
core id		: 1
cpu cores	: 2
apicid		: 3
initial apicid	: 3
fpu		: yes
fpu_exception	: yes
cpuid level	: 13
wp		: yes
flags		: fpu vme de pse tsc msr pae mce cx8 apic sep mtrr pge mca cmov pat pse36 clflush dts acpi mmx fxsr sse sse2 ss ht tm pbe syscall nx pdpe1gb rdtscp lm constant_tsc arch_perfmon pebs bts rep_good nopl xtopology nonstop_tsc aperfmperf eagerfpu pni pclmulqdq dtes64 monitor ds_cpl vmx est tm2 ssse3 fma cx16 xtpr pdcm pcid sse4_1 sse4_2 movbe popcnt tsc_deadline_timer aes xsave avx f16c rdrand lahf_lm abm ida arat epb xsaveopt pln pts dtherm tpr_shadow vnmi flexpriority ept vpid fsgsbase tsc_adjust bmi1 avx2 smep bmi2 erms invpcid
bogomips	: 4987.88
clflush size	: 64
cache_alignment	: 64
address sizes	: 39 bits physical, 48 bits virtual
power management:



Memory: 4k page, physical 5864944k(139764k free), swap 0k(0k free)

vm_info: Java HotSpot(TM) 64-Bit Server VM (25.91-b14) for linux-amd64 JRE (1.8.0_91-b14), built on Apr  1 2016 00:57:21 by "java_re" with gcc 4.3.0 20080428 (Red Hat 4.3.0-8)

time: Sat Nov 26 01:48:50 2016
elapsed time: 7 seconds (0d 0h 0m 7s)

